{"/Users/dredog/Desktop/NotionSetupguide/five9-enterprise-pipeline/src/index.ts": {"path":"/Users/dredog/Desktop/NotionSetupguide/five9-enterprise-pipeline/src/index.ts","statementMap":{"0":{"start":{"line":1,"column":0},"end":{"line":1,"column":53}},"1":{"start":{"line":2,"column":0},"end":{"line":2,"column":43}},"2":{"start":{"line":3,"column":0},"end":{"line":3,"column":54}},"3":{"start":{"line":4,"column":0},"end":{"line":4,"column":72}},"4":{"start":{"line":5,"column":0},"end":{"line":5,"column":58}},"5":{"start":{"line":6,"column":0},"end":{"line":6,"column":70}},"6":{"start":{"line":7,"column":0},"end":{"line":7,"column":63}},"7":{"start":{"line":8,"column":0},"end":{"line":8,"column":57}},"8":{"start":{"line":9,"column":0},"end":{"line":9,"column":44}},"9":{"start":{"line":10,"column":0},"end":{"line":10,"column":59}},"10":{"start":{"line":11,"column":0},"end":{"line":11,"column":53}},"11":{"start":{"line":14,"column":0},"end":{"line":17,"column":3}},"12":{"start":{"line":15,"column":2},"end":{"line":15,"column":46}},"13":{"start":{"line":16,"column":2},"end":{"line":16,"column":18}},"14":{"start":{"line":19,"column":0},"end":{"line":22,"column":3}},"15":{"start":{"line":20,"column":2},"end":{"line":20,"column":48}},"16":{"start":{"line":21,"column":2},"end":{"line":21,"column":18}},"17":{"start":{"line":30,"column":27},"end":{"line":30,"column":32}},"18":{"start":{"line":33,"column":19},"end":{"line":33,"column":30}},"19":{"start":{"line":35,"column":4},"end":{"line":126,"column":5}},"20":{"start":{"line":37,"column":6},"end":{"line":37,"column":27}},"21":{"start":{"line":40,"column":21},"end":{"line":40,"column":32}},"22":{"start":{"line":41,"column":6},"end":{"line":41,"column":78}},"23":{"start":{"line":44,"column":22},"end":{"line":44,"column":43}},"24":{"start":{"line":45,"column":6},"end":{"line":45,"column":39}},"25":{"start":{"line":48,"column":26},"end":{"line":51,"column":8}},"26":{"start":{"line":53,"column":35},"end":{"line":59,"column":null}},"27":{"start":{"line":62,"column":28},"end":{"line":65,"column":8}},"28":{"start":{"line":67,"column":34},"end":{"line":67,"column":79}},"29":{"start":{"line":70,"column":6},"end":{"line":76,"column":8}},"30":{"start":{"line":79,"column":6},"end":{"line":79,"column":35}},"31":{"start":{"line":82,"column":6},"end":{"line":95,"column":7}},"32":{"start":{"line":83,"column":35},"end":{"line":86,"column":null}},"33":{"start":{"line":89,"column":8},"end":{"line":92,"column":10}},"34":{"start":{"line":94,"column":8},"end":{"line":94,"column":44}},"35":{"start":{"line":98,"column":6},"end":{"line":108,"column":7}},"36":{"start":{"line":99,"column":8},"end":{"line":99,"column":52}},"37":{"start":{"line":100,"column":31},"end":{"line":103,"column":10}},"38":{"start":{"line":104,"column":8},"end":{"line":107,"column":10}},"39":{"start":{"line":111,"column":6},"end":{"line":111,"column":38}},"40":{"start":{"line":114,"column":6},"end":{"line":114,"column":38}},"41":{"start":{"line":117,"column":6},"end":{"line":117,"column":59}},"42":{"start":{"line":118,"column":6},"end":{"line":118,"column":29}},"43":{"start":{"line":120,"column":21},"end":{"line":120,"column":32}},"44":{"start":{"line":121,"column":18},"end":{"line":121,"column":75}},"45":{"start":{"line":123,"column":6},"end":{"line":123,"column":86}},"46":{"start":{"line":125,"column":6},"end":{"line":125,"column":29}},"47":{"start":{"line":133,"column":19},"end":{"line":133,"column":30}},"48":{"start":{"line":134,"column":20},"end":{"line":134,"column":62}},"49":{"start":{"line":136,"column":19},"end":{"line":151,"column":6}},"50":{"start":{"line":153,"column":4},"end":{"line":153,"column":24}},"51":{"start":{"line":160,"column":38},"end":{"line":160,"column":59}},"52":{"start":{"line":162,"column":4},"end":{"line":168,"column":7}},"53":{"start":{"line":163,"column":6},"end":{"line":167,"column":9}},"54":{"start":{"line":164,"column":23},"end":{"line":164,"column":34}},"55":{"start":{"line":165,"column":8},"end":{"line":165,"column":60}},"56":{"start":{"line":166,"column":8},"end":{"line":166,"column":30}},"57":{"start":{"line":175,"column":4},"end":{"line":177,"column":5}},"58":{"start":{"line":176,"column":6},"end":{"line":176,"column":13}},"59":{"start":{"line":179,"column":4},"end":{"line":179,"column":31}},"60":{"start":{"line":180,"column":19},"end":{"line":180,"column":30}},"61":{"start":{"line":182,"column":4},"end":{"line":207,"column":5}},"62":{"start":{"line":183,"column":6},"end":{"line":183,"column":48}},"63":{"start":{"line":186,"column":6},"end":{"line":188,"column":7}},"64":{"start":{"line":187,"column":8},"end":{"line":187,"column":39}},"65":{"start":{"line":191,"column":6},"end":{"line":193,"column":7}},"66":{"start":{"line":192,"column":8},"end":{"line":192,"column":43}},"67":{"start":{"line":196,"column":22},"end":{"line":196,"column":43}},"68":{"start":{"line":197,"column":6},"end":{"line":197,"column":39}},"69":{"start":{"line":199,"column":6},"end":{"line":199,"column":49}},"70":{"start":{"line":201,"column":6},"end":{"line":204,"column":8}},"71":{"start":{"line":206,"column":6},"end":{"line":206,"column":29}},"72":{"start":{"line":212,"column":12},"end":{"line":212,"column":29}},"73":{"start":{"line":213,"column":0},"end":{"line":213,"column":15}}},"fnMap":{"0":{"name":"(anonymous_0)","decl":{"start":{"line":14,"column":32},"end":{"line":14,"column":33}},"loc":{"start":{"line":14,"column":49},"end":{"line":17,"column":1}}},"1":{"name":"(anonymous_1)","decl":{"start":{"line":19,"column":33},"end":{"line":19,"column":34}},"loc":{"start":{"line":19,"column":53},"end":{"line":22,"column":1}}},"2":{"name":"(anonymous_2)","decl":{"start":{"line":32,"column":2},"end":{"line":32,"column":7}},"loc":{"start":{"line":32,"column":11},"end":{"line":127,"column":3}}},"3":{"name":"(anonymous_3)","decl":{"start":{"line":132,"column":10},"end":{"line":132,"column":23}},"loc":{"start":{"line":132,"column":23},"end":{"line":154,"column":3}}},"4":{"name":"(anonymous_4)","decl":{"start":{"line":159,"column":10},"end":{"line":159,"column":31}},"loc":{"start":{"line":159,"column":31},"end":{"line":169,"column":3}}},"5":{"name":"(anonymous_5)","decl":{"start":{"line":162,"column":20},"end":{"line":162,"column":21}},"loc":{"start":{"line":162,"column":31},"end":{"line":168,"column":5}}},"6":{"name":"(anonymous_6)","decl":{"start":{"line":163,"column":25},"end":{"line":163,"column":28}},"loc":{"start":{"line":163,"column":30},"end":{"line":167,"column":7}}},"7":{"name":"(anonymous_7)","decl":{"start":{"line":174,"column":10},"end":{"line":174,"column":15}},"loc":{"start":{"line":174,"column":41},"end":{"line":208,"column":3}}}},"branchMap":{"0":{"loc":{"start":{"line":82,"column":6},"end":{"line":95,"column":7}},"type":"if","locations":[{"start":{"line":82,"column":6},"end":{"line":95,"column":7}}]},"1":{"loc":{"start":{"line":98,"column":6},"end":{"line":108,"column":7}},"type":"if","locations":[{"start":{"line":98,"column":6},"end":{"line":108,"column":7}}]},"2":{"loc":{"start":{"line":121,"column":18},"end":{"line":121,"column":75}},"type":"cond-expr","locations":[{"start":{"line":121,"column":43},"end":{"line":121,"column":48}},{"start":{"line":121,"column":51},"end":{"line":121,"column":75}}]},"3":{"loc":{"start":{"line":134,"column":20},"end":{"line":134,"column":62}},"type":"binary-expr","locations":[{"start":{"line":134,"column":20},"end":{"line":134,"column":51}},{"start":{"line":134,"column":55},"end":{"line":134,"column":62}}]},"4":{"loc":{"start":{"line":147,"column":15},"end":{"line":147,"column":52}},"type":"binary-expr","locations":[{"start":{"line":147,"column":15},"end":{"line":147,"column":35}},{"start":{"line":147,"column":39},"end":{"line":147,"column":52}}]},"5":{"loc":{"start":{"line":175,"column":4},"end":{"line":177,"column":5}},"type":"if","locations":[{"start":{"line":175,"column":4},"end":{"line":177,"column":5}}]},"6":{"loc":{"start":{"line":186,"column":6},"end":{"line":188,"column":7}},"type":"if","locations":[{"start":{"line":186,"column":6},"end":{"line":188,"column":7}}]},"7":{"loc":{"start":{"line":191,"column":6},"end":{"line":193,"column":7}},"type":"if","locations":[{"start":{"line":191,"column":6},"end":{"line":193,"column":7}}]},"8":{"loc":{"start":{"line":202,"column":17},"end":{"line":202,"column":71}},"type":"cond-expr","locations":[{"start":{"line":202,"column":42},"end":{"line":202,"column":55}},{"start":{"line":202,"column":58},"end":{"line":202,"column":71}}]}},"s":{"0":0,"1":0,"2":0,"3":0,"4":0,"5":0,"6":0,"7":0,"8":0,"9":0,"10":0,"11":0,"12":0,"13":0,"14":0,"15":0,"16":0,"17":0,"18":0,"19":0,"20":0,"21":0,"22":0,"23":0,"24":0,"25":0,"26":0,"27":0,"28":0,"29":0,"30":0,"31":0,"32":0,"33":0,"34":0,"35":0,"36":0,"37":0,"38":0,"39":0,"40":0,"41":0,"42":0,"43":0,"44":0,"45":0,"46":0,"47":0,"48":0,"49":0,"50":0,"51":0,"52":0,"53":0,"54":0,"55":0,"56":0,"57":0,"58":0,"59":0,"60":0,"61":0,"62":0,"63":0,"64":0,"65":0,"66":0,"67":0,"68":0,"69":0,"70":0,"71":0,"72":0,"73":0},"f":{"0":0,"1":0,"2":0,"3":0,"4":0,"5":0,"6":0,"7":0},"b":{"0":[0],"1":[0],"2":[0,0],"3":[0,0],"4":[0,0],"5":[0],"6":[0],"7":[0],"8":[0,0]}}
,"/Users/dredog/Desktop/NotionSetupguide/five9-enterprise-pipeline/src/server.ts": {"path":"/Users/dredog/Desktop/NotionSetupguide/five9-enterprise-pipeline/src/server.ts","statementMap":{"0":{"start":{"line":1,"column":0},"end":{"line":1,"column":69}},"1":{"start":{"line":2,"column":0},"end":{"line":2,"column":43}},"2":{"start":{"line":3,"column":0},"end":{"line":3,"column":59}},"3":{"start":{"line":4,"column":0},"end":{"line":4,"column":71}},"4":{"start":{"line":6,"column":15},"end":{"line":6,"column":26}},"5":{"start":{"line":15,"column":21},"end":{"line":15,"column":33}},"6":{"start":{"line":16,"column":21},"end":{"line":16,"column":59}},"7":{"start":{"line":23,"column":4},"end":{"line":38,"column":7}},"8":{"start":{"line":24,"column":6},"end":{"line":37,"column":7}},"9":{"start":{"line":25,"column":8},"end":{"line":27,"column":11}},"10":{"start":{"line":26,"column":10},"end":{"line":26,"column":44}},"11":{"start":{"line":29,"column":8},"end":{"line":32,"column":11}},"12":{"start":{"line":30,"column":10},"end":{"line":30,"column":72}},"13":{"start":{"line":31,"column":10},"end":{"line":31,"column":20}},"14":{"start":{"line":34,"column":8},"end":{"line":34,"column":40}},"15":{"start":{"line":36,"column":8},"end":{"line":36,"column":22}},"16":{"start":{"line":45,"column":4},"end":{"line":47,"column":5}},"17":{"start":{"line":46,"column":6},"end":{"line":46,"column":13}},"18":{"start":{"line":49,"column":4},"end":{"line":58,"column":7}},"19":{"start":{"line":50,"column":6},"end":{"line":57,"column":9}},"20":{"start":{"line":51,"column":8},"end":{"line":56,"column":9}},"21":{"start":{"line":52,"column":10},"end":{"line":52,"column":24}},"22":{"start":{"line":54,"column":10},"end":{"line":54,"column":51}},"23":{"start":{"line":55,"column":10},"end":{"line":55,"column":20}},"24":{"start":{"line":65,"column":16},"end":{"line":65,"column":30}},"25":{"start":{"line":67,"column":4},"end":{"line":91,"column":5}},"26":{"start":{"line":68,"column":6},"end":{"line":84,"column":7}},"27":{"start":{"line":70,"column":10},"end":{"line":70,"column":39}},"28":{"start":{"line":71,"column":10},"end":{"line":71,"column":16}},"29":{"start":{"line":74,"column":10},"end":{"line":74,"column":38}},"30":{"start":{"line":75,"column":10},"end":{"line":75,"column":16}},"31":{"start":{"line":78,"column":10},"end":{"line":78,"column":40}},"32":{"start":{"line":79,"column":10},"end":{"line":79,"column":16}},"33":{"start":{"line":82,"column":10},"end":{"line":82,"column":28}},"34":{"start":{"line":83,"column":10},"end":{"line":83,"column":16}},"35":{"start":{"line":86,"column":6},"end":{"line":89,"column":8}},"36":{"start":{"line":90,"column":6},"end":{"line":90,"column":24}},"37":{"start":{"line":98,"column":19},"end":{"line":98,"column":56}},"38":{"start":{"line":100,"column":23},"end":{"line":100,"column":73}},"39":{"start":{"line":102,"column":4},"end":{"line":102,"column":70}},"40":{"start":{"line":103,"column":4},"end":{"line":103,"column":45}},"41":{"start":{"line":110,"column":20},"end":{"line":110,"column":59}},"42":{"start":{"line":112,"column":23},"end":{"line":112,"column":42}},"43":{"start":{"line":113,"column":21},"end":{"line":116,"column":6}},"44":{"start":{"line":118,"column":4},"end":{"line":118,"column":70}},"45":{"start":{"line":119,"column":4},"end":{"line":119,"column":47}},"46":{"start":{"line":126,"column":20},"end":{"line":126,"column":41}},"47":{"start":{"line":127,"column":24},"end":{"line":127,"column":50}},"48":{"start":{"line":129,"column":4},"end":{"line":129,"column":69}},"49":{"start":{"line":130,"column":4},"end":{"line":130,"column":25}},"50":{"start":{"line":137,"column":4},"end":{"line":137,"column":63}},"51":{"start":{"line":138,"column":4},"end":{"line":138,"column":52}},"52":{"start":{"line":145,"column":4},"end":{"line":145,"column":63}},"53":{"start":{"line":146,"column":4},"end":{"line":146,"column":64}},"54":{"start":{"line":11,"column":0},"end":{"line":11,"column":13}}},"fnMap":{"0":{"name":"(anonymous_0)","decl":{"start":{"line":14,"column":2},"end":{"line":14,"column":null}},"loc":{"start":{"line":16,"column":59},"end":{"line":17,"column":6}}},"1":{"name":"(anonymous_1)","decl":{"start":{"line":22,"column":2},"end":{"line":22,"column":7}},"loc":{"start":{"line":22,"column":13},"end":{"line":39,"column":3}}},"2":{"name":"(anonymous_2)","decl":{"start":{"line":23,"column":23},"end":{"line":23,"column":24}},"loc":{"start":{"line":23,"column":43},"end":{"line":38,"column":5}}},"3":{"name":"(anonymous_3)","decl":{"start":{"line":25,"column":35},"end":{"line":25,"column":36}},"loc":{"start":{"line":25,"column":48},"end":{"line":27,"column":9}}},"4":{"name":"(anonymous_4)","decl":{"start":{"line":29,"column":38},"end":{"line":29,"column":41}},"loc":{"start":{"line":29,"column":43},"end":{"line":32,"column":9}}},"5":{"name":"(anonymous_5)","decl":{"start":{"line":44,"column":2},"end":{"line":44,"column":7}},"loc":{"start":{"line":44,"column":12},"end":{"line":59,"column":3}}},"6":{"name":"(anonymous_6)","decl":{"start":{"line":49,"column":23},"end":{"line":49,"column":24}},"loc":{"start":{"line":49,"column":43},"end":{"line":58,"column":5}}},"7":{"name":"(anonymous_7)","decl":{"start":{"line":50,"column":25},"end":{"line":50,"column":26}},"loc":{"start":{"line":50,"column":35},"end":{"line":57,"column":7}}},"8":{"name":"(anonymous_8)","decl":{"start":{"line":64,"column":10},"end":{"line":64,"column":15}},"loc":{"start":{"line":64,"column":71},"end":{"line":92,"column":3}}},"9":{"name":"(anonymous_9)","decl":{"start":{"line":97,"column":10},"end":{"line":97,"column":15}},"loc":{"start":{"line":97,"column":48},"end":{"line":104,"column":3}}},"10":{"name":"(anonymous_10)","decl":{"start":{"line":109,"column":10},"end":{"line":109,"column":15}},"loc":{"start":{"line":109,"column":47},"end":{"line":120,"column":3}}},"11":{"name":"(anonymous_11)","decl":{"start":{"line":125,"column":10},"end":{"line":125,"column":15}},"loc":{"start":{"line":125,"column":49},"end":{"line":131,"column":3}}},"12":{"name":"(anonymous_12)","decl":{"start":{"line":136,"column":10},"end":{"line":136,"column":17}},"loc":{"start":{"line":136,"column":37},"end":{"line":139,"column":3}}},"13":{"name":"(anonymous_13)","decl":{"start":{"line":144,"column":10},"end":{"line":144,"column":17}},"loc":{"start":{"line":144,"column":37},"end":{"line":147,"column":3}}}},"branchMap":{"0":{"loc":{"start":{"line":45,"column":4},"end":{"line":47,"column":5}},"type":"if","locations":[{"start":{"line":45,"column":4},"end":{"line":47,"column":5}}]},"1":{"loc":{"start":{"line":51,"column":8},"end":{"line":56,"column":9}},"type":"if","locations":[{"start":{"line":51,"column":8},"end":{"line":56,"column":9}},{"start":{"line":53,"column":15},"end":{"line":56,"column":9}}]},"2":{"loc":{"start":{"line":65,"column":16},"end":{"line":65,"column":30}},"type":"binary-expr","locations":[{"start":{"line":65,"column":16},"end":{"line":65,"column":23}},{"start":{"line":65,"column":27},"end":{"line":65,"column":30}}]},"3":{"loc":{"start":{"line":68,"column":6},"end":{"line":84,"column":7}},"type":"switch","locations":[{"start":{"line":69,"column":8},"end":{"line":71,"column":16}},{"start":{"line":73,"column":8},"end":{"line":75,"column":16}},{"start":{"line":77,"column":8},"end":{"line":79,"column":16}},{"start":{"line":81,"column":8},"end":{"line":83,"column":16}}]},"4":{"loc":{"start":{"line":87,"column":17},"end":{"line":87,"column":71}},"type":"cond-expr","locations":[{"start":{"line":87,"column":42},"end":{"line":87,"column":55}},{"start":{"line":87,"column":58},"end":{"line":87,"column":71}}]},"5":{"loc":{"start":{"line":100,"column":23},"end":{"line":100,"column":73}},"type":"cond-expr","locations":[{"start":{"line":100,"column":64},"end":{"line":100,"column":67}},{"start":{"line":100,"column":70},"end":{"line":100,"column":73}}]},"6":{"loc":{"start":{"line":112,"column":23},"end":{"line":112,"column":42}},"type":"cond-expr","locations":[{"start":{"line":112,"column":33},"end":{"line":112,"column":36}},{"start":{"line":112,"column":39},"end":{"line":112,"column":42}}]}},"s":{"0":0,"1":0,"2":0,"3":0,"4":0,"5":0,"6":0,"7":0,"8":0,"9":0,"10":0,"11":0,"12":0,"13":0,"14":0,"15":0,"16":0,"17":0,"18":0,"19":0,"20":0,"21":0,"22":0,"23":0,"24":0,"25":0,"26":0,"27":0,"28":0,"29":0,"30":0,"31":0,"32":0,"33":0,"34":0,"35":0,"36":0,"37":0,"38":0,"39":0,"40":0,"41":0,"42":0,"43":0,"44":0,"45":0,"46":0,"47":0,"48":0,"49":0,"50":0,"51":0,"52":0,"53":0,"54":0},"f":{"0":0,"1":0,"2":0,"3":0,"4":0,"5":0,"6":0,"7":0,"8":0,"9":0,"10":0,"11":0,"12":0,"13":0},"b":{"0":[0],"1":[0,0],"2":[0,0],"3":[0,0,0,0],"4":[0,0],"5":[0,0],"6":[0,0]}}
,"/Users/dredog/Desktop/NotionSetupguide/five9-enterprise-pipeline/src/config/index.ts": {"path":"/Users/dredog/Desktop/NotionSetupguide/five9-enterprise-pipeline/src/config/index.ts","statementMap":{"0":{"start":{"line":96,"column":0},"end":{"line":96,"column":16}},"1":{"start":{"line":134,"column":0},"end":{"line":134,"column":16}},"2":{"start":{"line":144,"column":0},"end":{"line":144,"column":16}},"3":{"start":{"line":1,"column":0},"end":{"line":1,"column":48}},"4":{"start":{"line":2,"column":0},"end":{"line":2,"column":31}},"5":{"start":{"line":3,"column":0},"end":{"line":3,"column":48}},"6":{"start":{"line":6,"column":0},"end":{"line":6,"column":15}},"7":{"start":{"line":16,"column":4},"end":{"line":16,"column":19}},"8":{"start":{"line":14,"column":20},"end":{"line":14,"column":68}},"9":{"start":{"line":17,"column":4},"end":{"line":17,"column":40}},"10":{"start":{"line":11,"column":0},"end":{"line":11,"column":13}},"11":{"start":{"line":25,"column":20},"end":{"line":68,"column":4}},"12":{"start":{"line":70,"column":2},"end":{"line":90,"column":3}},"13":{"start":{"line":71,"column":4},"end":{"line":71,"column":41}},"14":{"start":{"line":73,"column":4},"end":{"line":88,"column":5}},"15":{"start":{"line":74,"column":30},"end":{"line":77,"column":9}},"16":{"start":{"line":74,"column":57},"end":{"line":77,"column":8}},"17":{"start":{"line":79,"column":27},"end":{"line":85,"column":18}},"18":{"start":{"line":82,"column":38},"end":{"line":82,"column":67}},"19":{"start":{"line":87,"column":6},"end":{"line":87,"column":69}},"20":{"start":{"line":89,"column":4},"end":{"line":89,"column":16}},"21":{"start":{"line":97,"column":2},"end":{"line":122,"column":4}},"22":{"start":{"line":128,"column":36},"end":{"line":128,"column":40}},"23":{"start":{"line":135,"column":2},"end":{"line":137,"column":3}},"24":{"start":{"line":136,"column":4},"end":{"line":136,"column":35}},"25":{"start":{"line":138,"column":2},"end":{"line":138,"column":24}},"26":{"start":{"line":145,"column":2},"end":{"line":145,"column":24}},"27":{"start":{"line":149,"column":0},"end":{"line":149,"column":25}}},"fnMap":{"0":{"name":"(anonymous_4)","decl":{"start":{"line":12,"column":2},"end":{"line":12,"column":null}},"loc":{"start":{"line":14,"column":68},"end":{"line":18,"column":3}}},"1":{"name":"parseConfig","decl":{"start":{"line":24,"column":9},"end":{"line":24,"column":20}},"loc":{"start":{"line":24,"column":20},"end":{"line":91,"column":1}}},"2":{"name":"(anonymous_6)","decl":{"start":{"line":74,"column":47},"end":{"line":74,"column":48}},"loc":{"start":{"line":74,"column":57},"end":{"line":77,"column":8}}},"3":{"name":"(anonymous_7)","decl":{"start":{"line":82,"column":31},"end":{"line":82,"column":32}},"loc":{"start":{"line":82,"column":38},"end":{"line":82,"column":67}}},"4":{"name":"sanitizeConfig","decl":{"start":{"line":96,"column":16},"end":{"line":96,"column":30}},"loc":{"start":{"line":96,"column":45},"end":{"line":123,"column":1}}},"5":{"name":"getConfig","decl":{"start":{"line":134,"column":16},"end":{"line":134,"column":25}},"loc":{"start":{"line":134,"column":25},"end":{"line":139,"column":1}}},"6":{"name":"resetConfig","decl":{"start":{"line":144,"column":16},"end":{"line":144,"column":27}},"loc":{"start":{"line":144,"column":27},"end":{"line":146,"column":1}}}},"branchMap":{"0":{"loc":{"start":{"line":73,"column":4},"end":{"line":88,"column":5}},"type":"if","locations":[{"start":{"line":73,"column":4},"end":{"line":88,"column":5}}]},"1":{"loc":{"start":{"line":120,"column":23},"end":{"line":120,"column":92}},"type":"cond-expr","locations":[{"start":{"line":120,"column":62},"end":{"line":120,"column":80}},{"start":{"line":120,"column":83},"end":{"line":120,"column":92}}]},"2":{"loc":{"start":{"line":135,"column":2},"end":{"line":137,"column":3}},"type":"if","locations":[{"start":{"line":135,"column":2},"end":{"line":137,"column":3}}]}},"s":{"0":2,"1":2,"2":2,"3":2,"4":2,"5":2,"6":2,"7":0,"8":0,"9":0,"10":2,"11":2,"12":2,"13":2,"14":0,"15":0,"16":0,"17":0,"18":0,"19":0,"20":0,"21":0,"22":2,"23":2,"24":2,"25":2,"26":0,"27":2},"f":{"0":0,"1":2,"2":0,"3":0,"4":0,"5":2,"6":0},"b":{"0":[0],"1":[0,0],"2":[2]}}
,"/Users/dredog/Desktop/NotionSetupguide/five9-enterprise-pipeline/src/config/schema.ts": {"path":"/Users/dredog/Desktop/NotionSetupguide/five9-enterprise-pipeline/src/config/schema.ts","statementMap":{"0":{"start":{"line":1,"column":0},"end":{"line":1,"column":24}},"1":{"start":{"line":6,"column":13},"end":{"line":8,"column":26}},"2":{"start":{"line":13,"column":13},"end":{"line":19,"column":3}},"3":{"start":{"line":24,"column":13},"end":{"line":27,"column":3}},"4":{"start":{"line":32,"column":13},"end":{"line":35,"column":3}},"5":{"start":{"line":40,"column":13},"end":{"line":44,"column":3}},"6":{"start":{"line":49,"column":13},"end":{"line":57,"column":3}},"7":{"start":{"line":55,"column":24},"end":{"line":55,"column":63}},"8":{"start":{"line":55,"column":52},"end":{"line":55,"column":62}},"9":{"start":{"line":62,"column":13},"end":{"line":65,"column":3}},"10":{"start":{"line":70,"column":13},"end":{"line":76,"column":3}},"11":{"start":{"line":74,"column":24},"end":{"line":74,"column":52}},"12":{"start":{"line":81,"column":13},"end":{"line":84,"column":3}},"13":{"start":{"line":89,"column":13},"end":{"line":91,"column":3}},"14":{"start":{"line":96,"column":13},"end":{"line":107,"column":3}}},"fnMap":{"0":{"name":"(anonymous_0)","decl":{"start":{"line":55,"column":15},"end":{"line":55,"column":16}},"loc":{"start":{"line":55,"column":24},"end":{"line":55,"column":63}}},"1":{"name":"(anonymous_1)","decl":{"start":{"line":55,"column":43},"end":{"line":55,"column":44}},"loc":{"start":{"line":55,"column":52},"end":{"line":55,"column":62}}},"2":{"name":"(anonymous_2)","decl":{"start":{"line":74,"column":15},"end":{"line":74,"column":16}},"loc":{"start":{"line":74,"column":24},"end":{"line":74,"column":52}}}},"branchMap":{},"s":{"0":2,"1":2,"2":2,"3":2,"4":2,"5":2,"6":2,"7":2,"8":8,"9":2,"10":2,"11":2,"12":2,"13":2,"14":2},"f":{"0":2,"1":8,"2":2},"b":{}}
,"/Users/dredog/Desktop/NotionSetupguide/five9-enterprise-pipeline/src/monitoring/health.ts": {"path":"/Users/dredog/Desktop/NotionSetupguide/five9-enterprise-pipeline/src/monitoring/health.ts","statementMap":{"0":{"start":{"line":1,"column":0},"end":{"line":1,"column":44}},"1":{"start":{"line":6,"column":15},"end":{"line":6,"column":26}},"2":{"start":{"line":11,"column":0},"end":{"line":11,"column":null}},"3":{"start":{"line":12,"column":2},"end":{"line":12,"column":null}},"4":{"start":{"line":13,"column":2},"end":{"line":13,"column":null}},"5":{"start":{"line":14,"column":2},"end":{"line":14,"column":null}},"6":{"start":{"line":47,"column":21},"end":{"line":47,"column":45}},"7":{"start":{"line":48,"column":21},"end":{"line":48,"column":63}},"8":{"start":{"line":49,"column":21},"end":{"line":49,"column":49}},"9":{"start":{"line":51,"column":4},"end":{"line":51,"column":32}},"10":{"start":{"line":58,"column":4},"end":{"line":58,"column":44}},"11":{"start":{"line":60,"column":53},"end":{"line":64,"column":6}},"12":{"start":{"line":66,"column":26},"end":{"line":70,"column":6}},"13":{"start":{"line":72,"column":38},"end":{"line":81,"column":6}},"14":{"start":{"line":83,"column":4},"end":{"line":83,"column":55}},"15":{"start":{"line":85,"column":4},"end":{"line":85,"column":18}},"16":{"start":{"line":92,"column":4},"end":{"line":111,"column":5}},"17":{"start":{"line":93,"column":24},"end":{"line":93,"column":60}},"18":{"start":{"line":95,"column":6},"end":{"line":99,"column":8}},"19":{"start":{"line":101,"column":6},"end":{"line":104,"column":8}},"20":{"start":{"line":106,"column":6},"end":{"line":110,"column":8}},"21":{"start":{"line":118,"column":4},"end":{"line":137,"column":5}},"22":{"start":{"line":119,"column":24},"end":{"line":119,"column":69}},"23":{"start":{"line":121,"column":6},"end":{"line":125,"column":8}},"24":{"start":{"line":127,"column":6},"end":{"line":130,"column":8}},"25":{"start":{"line":132,"column":6},"end":{"line":136,"column":8}},"26":{"start":{"line":144,"column":4},"end":{"line":163,"column":5}},"27":{"start":{"line":145,"column":24},"end":{"line":145,"column":62}},"28":{"start":{"line":147,"column":6},"end":{"line":151,"column":8}},"29":{"start":{"line":153,"column":6},"end":{"line":156,"column":8}},"30":{"start":{"line":158,"column":6},"end":{"line":162,"column":8}},"31":{"start":{"line":170,"column":4},"end":{"line":172,"column":5}},"32":{"start":{"line":170,"column":30},"end":{"line":170,"column":56}},"33":{"start":{"line":171,"column":6},"end":{"line":171,"column":34}},"34":{"start":{"line":174,"column":4},"end":{"line":176,"column":5}},"35":{"start":{"line":174,"column":29},"end":{"line":174,"column":57}},"36":{"start":{"line":175,"column":6},"end":{"line":175,"column":36}},"37":{"start":{"line":178,"column":4},"end":{"line":178,"column":33}},"38":{"start":{"line":185,"column":19},"end":{"line":185,"column":37}},"39":{"start":{"line":186,"column":4},"end":{"line":186,"column":93}},"40":{"start":{"line":193,"column":4},"end":{"line":193,"column":16}},"41":{"start":{"line":43,"column":0},"end":{"line":43,"column":13}}},"fnMap":{"0":{"name":"(anonymous_0)","decl":{"start":{"line":11,"column":0},"end":{"line":11,"column":12}},"loc":{"start":{"line":11,"column":24},"end":{"line":15,"column":1}}},"1":{"name":"(anonymous_1)","decl":{"start":{"line":46,"column":2},"end":{"line":46,"column":null}},"loc":{"start":{"line":49,"column":49},"end":{"line":52,"column":3}}},"2":{"name":"(anonymous_2)","decl":{"start":{"line":57,"column":2},"end":{"line":57,"column":7}},"loc":{"start":{"line":57,"column":13},"end":{"line":86,"column":3}}},"3":{"name":"(anonymous_3)","decl":{"start":{"line":91,"column":10},"end":{"line":91,"column":15}},"loc":{"start":{"line":91,"column":25},"end":{"line":112,"column":3}}},"4":{"name":"(anonymous_4)","decl":{"start":{"line":117,"column":10},"end":{"line":117,"column":15}},"loc":{"start":{"line":117,"column":27},"end":{"line":138,"column":3}}},"5":{"name":"(anonymous_5)","decl":{"start":{"line":143,"column":10},"end":{"line":143,"column":15}},"loc":{"start":{"line":143,"column":27},"end":{"line":164,"column":3}}},"6":{"name":"(anonymous_6)","decl":{"start":{"line":169,"column":10},"end":{"line":169,"column":32}},"loc":{"start":{"line":169,"column":57},"end":{"line":179,"column":3}}},"7":{"name":"(anonymous_7)","decl":{"start":{"line":170,"column":23},"end":{"line":170,"column":24}},"loc":{"start":{"line":170,"column":30},"end":{"line":170,"column":56}}},"8":{"name":"(anonymous_8)","decl":{"start":{"line":174,"column":22},"end":{"line":174,"column":23}},"loc":{"start":{"line":174,"column":29},"end":{"line":174,"column":57}}},"9":{"name":"(anonymous_9)","decl":{"start":{"line":184,"column":2},"end":{"line":184,"column":7}},"loc":{"start":{"line":184,"column":15},"end":{"line":187,"column":3}}},"10":{"name":"(anonymous_10)","decl":{"start":{"line":192,"column":2},"end":{"line":192,"column":9}},"loc":{"start":{"line":192,"column":9},"end":{"line":194,"column":3}}}},"branchMap":{"0":{"loc":{"start":{"line":11,"column":12},"end":{"line":11,"column":null}},"type":"binary-expr","locations":[{"start":{"line":11,"column":12},"end":{"line":11,"column":24}},{"start":{"line":11,"column":24},"end":{"line":11,"column":null}}]},"1":{"loc":{"start":{"line":96,"column":16},"end":{"line":96,"column":73}},"type":"cond-expr","locations":[{"start":{"line":96,"column":28},"end":{"line":96,"column":48}},{"start":{"line":96,"column":51},"end":{"line":96,"column":73}}]},"2":{"loc":{"start":{"line":97,"column":17},"end":{"line":97,"column":80}},"type":"cond-expr","locations":[{"start":{"line":97,"column":29},"end":{"line":97,"column":53}},{"start":{"line":97,"column":56},"end":{"line":97,"column":80}}]},"3":{"loc":{"start":{"line":102,"column":17},"end":{"line":102,"column":71}},"type":"cond-expr","locations":[{"start":{"line":102,"column":42},"end":{"line":102,"column":55}},{"start":{"line":102,"column":58},"end":{"line":102,"column":71}}]},"4":{"loc":{"start":{"line":108,"column":17},"end":{"line":108,"column":73}},"type":"cond-expr","locations":[{"start":{"line":108,"column":42},"end":{"line":108,"column":55}},{"start":{"line":108,"column":58},"end":{"line":108,"column":73}}]},"5":{"loc":{"start":{"line":122,"column":16},"end":{"line":122,"column":73}},"type":"cond-expr","locations":[{"start":{"line":122,"column":28},"end":{"line":122,"column":48}},{"start":{"line":122,"column":51},"end":{"line":122,"column":73}}]},"6":{"loc":{"start":{"line":123,"column":17},"end":{"line":123,"column":79}},"type":"cond-expr","locations":[{"start":{"line":123,"column":29},"end":{"line":123,"column":52}},{"start":{"line":123,"column":55},"end":{"line":123,"column":79}}]},"7":{"loc":{"start":{"line":128,"column":17},"end":{"line":128,"column":71}},"type":"cond-expr","locations":[{"start":{"line":128,"column":42},"end":{"line":128,"column":55}},{"start":{"line":128,"column":58},"end":{"line":128,"column":71}}]},"8":{"loc":{"start":{"line":134,"column":17},"end":{"line":134,"column":73}},"type":"cond-expr","locations":[{"start":{"line":134,"column":42},"end":{"line":134,"column":55}},{"start":{"line":134,"column":58},"end":{"line":134,"column":73}}]},"9":{"loc":{"start":{"line":148,"column":16},"end":{"line":148,"column":73}},"type":"cond-expr","locations":[{"start":{"line":148,"column":28},"end":{"line":148,"column":48}},{"start":{"line":148,"column":51},"end":{"line":148,"column":73}}]},"10":{"loc":{"start":{"line":149,"column":17},"end":{"line":149,"column":79}},"type":"cond-expr","locations":[{"start":{"line":149,"column":29},"end":{"line":149,"column":52}},{"start":{"line":149,"column":55},"end":{"line":149,"column":79}}]},"11":{"loc":{"start":{"line":154,"column":17},"end":{"line":154,"column":71}},"type":"cond-expr","locations":[{"start":{"line":154,"column":42},"end":{"line":154,"column":55}},{"start":{"line":154,"column":58},"end":{"line":154,"column":71}}]},"12":{"loc":{"start":{"line":160,"column":17},"end":{"line":160,"column":73}},"type":"cond-expr","locations":[{"start":{"line":160,"column":42},"end":{"line":160,"column":55}},{"start":{"line":160,"column":58},"end":{"line":160,"column":73}}]},"13":{"loc":{"start":{"line":170,"column":4},"end":{"line":172,"column":5}},"type":"if","locations":[{"start":{"line":170,"column":4},"end":{"line":172,"column":5}}]},"14":{"loc":{"start":{"line":174,"column":4},"end":{"line":176,"column":5}},"type":"if","locations":[{"start":{"line":174,"column":4},"end":{"line":176,"column":5}}]},"15":{"loc":{"start":{"line":186,"column":11},"end":{"line":186,"column":92}},"type":"binary-expr","locations":[{"start":{"line":186,"column":11},"end":{"line":186,"column":49}},{"start":{"line":186,"column":53},"end":{"line":186,"column":92}}]}},"s":{"0":0,"1":0,"2":0,"3":0,"4":0,"5":0,"6":0,"7":0,"8":0,"9":0,"10":0,"11":0,"12":0,"13":0,"14":0,"15":0,"16":0,"17":0,"18":0,"19":0,"20":0,"21":0,"22":0,"23":0,"24":0,"25":0,"26":0,"27":0,"28":0,"29":0,"30":0,"31":0,"32":0,"33":0,"34":0,"35":0,"36":0,"37":0,"38":0,"39":0,"40":0,"41":0},"f":{"0":0,"1":0,"2":0,"3":0,"4":0,"5":0,"6":0,"7":0,"8":0,"9":0,"10":0},"b":{"0":[0,0],"1":[0,0],"2":[0,0],"3":[0,0],"4":[0,0],"5":[0,0],"6":[0,0],"7":[0,0],"8":[0,0],"9":[0,0],"10":[0,0],"11":[0,0],"12":[0,0],"13":[0],"14":[0],"15":[0,0]}}
,"/Users/dredog/Desktop/NotionSetupguide/five9-enterprise-pipeline/src/monitoring/metrics.ts": {"path":"/Users/dredog/Desktop/NotionSetupguide/five9-enterprise-pipeline/src/monitoring/metrics.ts","statementMap":{"0":{"start":{"line":139,"column":0},"end":{"line":139,"column":16}},"1":{"start":{"line":149,"column":0},"end":{"line":149,"column":16}},"2":{"start":{"line":1,"column":0},"end":{"line":1,"column":66}},"3":{"start":{"line":2,"column":0},"end":{"line":2,"column":44}},"4":{"start":{"line":4,"column":15},"end":{"line":4,"column":26}},"5":{"start":{"line":24,"column":4},"end":{"line":24,"column":35}},"6":{"start":{"line":27,"column":4},"end":{"line":30,"column":7}},"7":{"start":{"line":33,"column":4},"end":{"line":38,"column":7}},"8":{"start":{"line":40,"column":4},"end":{"line":45,"column":7}},"9":{"start":{"line":47,"column":4},"end":{"line":52,"column":7}},"10":{"start":{"line":54,"column":4},"end":{"line":58,"column":7}},"11":{"start":{"line":60,"column":4},"end":{"line":64,"column":7}},"12":{"start":{"line":66,"column":4},"end":{"line":66,"column":49}},"13":{"start":{"line":73,"column":4},"end":{"line":73,"column":53}},"14":{"start":{"line":80,"column":4},"end":{"line":80,"column":53}},"15":{"start":{"line":87,"column":4},"end":{"line":87,"column":58}},"16":{"start":{"line":94,"column":4},"end":{"line":94,"column":54}},"17":{"start":{"line":101,"column":4},"end":{"line":101,"column":42}},"18":{"start":{"line":108,"column":4},"end":{"line":108,"column":45}},"19":{"start":{"line":115,"column":4},"end":{"line":115,"column":41}},"20":{"start":{"line":122,"column":4},"end":{"line":122,"column":37}},"21":{"start":{"line":129,"column":4},"end":{"line":129,"column":33}},"22":{"start":{"line":9,"column":0},"end":{"line":9,"column":13}},"23":{"start":{"line":134,"column":56},"end":{"line":134,"column":60}},"24":{"start":{"line":140,"column":2},"end":{"line":142,"column":3}},"25":{"start":{"line":141,"column":4},"end":{"line":141,"column":54}},"26":{"start":{"line":143,"column":2},"end":{"line":143,"column":34}},"27":{"start":{"line":150,"column":2},"end":{"line":150,"column":34}}},"fnMap":{"0":{"name":"(anonymous_0)","decl":{"start":{"line":23,"column":2},"end":{"line":23,"column":null}},"loc":{"start":{"line":23,"column":2},"end":{"line":67,"column":3}}},"1":{"name":"(anonymous_1)","decl":{"start":{"line":72,"column":2},"end":{"line":72,"column":15}},"loc":{"start":{"line":72,"column":15},"end":{"line":74,"column":3}}},"2":{"name":"(anonymous_2)","decl":{"start":{"line":79,"column":2},"end":{"line":79,"column":15}},"loc":{"start":{"line":79,"column":15},"end":{"line":81,"column":3}}},"3":{"name":"(anonymous_3)","decl":{"start":{"line":86,"column":2},"end":{"line":86,"column":29}},"loc":{"start":{"line":86,"column":48},"end":{"line":88,"column":3}}},"4":{"name":"(anonymous_4)","decl":{"start":{"line":93,"column":2},"end":{"line":93,"column":25}},"loc":{"start":{"line":93,"column":44},"end":{"line":95,"column":3}}},"5":{"name":"(anonymous_5)","decl":{"start":{"line":100,"column":2},"end":{"line":100,"column":26}},"loc":{"start":{"line":100,"column":40},"end":{"line":102,"column":3}}},"6":{"name":"(anonymous_6)","decl":{"start":{"line":107,"column":2},"end":{"line":107,"column":19}},"loc":{"start":{"line":107,"column":36},"end":{"line":109,"column":3}}},"7":{"name":"(anonymous_7)","decl":{"start":{"line":114,"column":2},"end":{"line":114,"column":7}},"loc":{"start":{"line":114,"column":18},"end":{"line":116,"column":3}}},"8":{"name":"(anonymous_8)","decl":{"start":{"line":121,"column":2},"end":{"line":121,"column":16}},"loc":{"start":{"line":121,"column":16},"end":{"line":123,"column":3}}},"9":{"name":"(anonymous_9)","decl":{"start":{"line":128,"column":2},"end":{"line":128,"column":7}},"loc":{"start":{"line":128,"column":7},"end":{"line":130,"column":3}}},"10":{"name":"getMetricsCollector","decl":{"start":{"line":139,"column":16},"end":{"line":139,"column":35}},"loc":{"start":{"line":139,"column":35},"end":{"line":144,"column":1}}},"11":{"name":"resetMetricsCollector","decl":{"start":{"line":149,"column":16},"end":{"line":149,"column":37}},"loc":{"start":{"line":149,"column":37},"end":{"line":151,"column":1}}}},"branchMap":{"0":{"loc":{"start":{"line":29,"column":19},"end":{"line":29,"column":56}},"type":"binary-expr","locations":[{"start":{"line":29,"column":19},"end":{"line":29,"column":39}},{"start":{"line":29,"column":43},"end":{"line":29,"column":56}}]},"1":{"loc":{"start":{"line":108,"column":28},"end":{"line":108,"column":43}},"type":"cond-expr","locations":[{"start":{"line":108,"column":38},"end":{"line":108,"column":39}},{"start":{"line":108,"column":42},"end":{"line":108,"column":43}}]},"2":{"loc":{"start":{"line":140,"column":2},"end":{"line":142,"column":3}},"type":"if","locations":[{"start":{"line":140,"column":2},"end":{"line":142,"column":3}}]}},"s":{"0":0,"1":0,"2":0,"3":0,"4":0,"5":0,"6":0,"7":0,"8":0,"9":0,"10":0,"11":0,"12":0,"13":0,"14":0,"15":0,"16":0,"17":0,"18":0,"19":0,"20":0,"21":0,"22":0,"23":0,"24":0,"25":0,"26":0,"27":0},"f":{"0":0,"1":0,"2":0,"3":0,"4":0,"5":0,"6":0,"7":0,"8":0,"9":0,"10":0,"11":0},"b":{"0":[0,0],"1":[0,0],"2":[0]}}
,"/Users/dredog/Desktop/NotionSetupguide/five9-enterprise-pipeline/src/pipeline/orchestrator.ts": {"path":"/Users/dredog/Desktop/NotionSetupguide/five9-enterprise-pipeline/src/pipeline/orchestrator.ts","statementMap":{"0":{"start":{"line":1,"column":0},"end":{"line":1,"column":24}},"1":{"start":{"line":3,"column":0},"end":{"line":3,"column":44}},"2":{"start":{"line":8,"column":0},"end":{"line":8,"column":null}},"3":{"start":{"line":14,"column":0},"end":{"line":14,"column":48}},"4":{"start":{"line":15,"column":0},"end":{"line":15,"column":39}},"5":{"start":{"line":17,"column":15},"end":{"line":17,"column":26}},"6":{"start":{"line":45,"column":33},"end":{"line":50,"column":4}},"7":{"start":{"line":53,"column":21},"end":{"line":53,"column":35}},"8":{"start":{"line":54,"column":21},"end":{"line":54,"column":45}},"9":{"start":{"line":55,"column":21},"end":{"line":55,"column":63}},"10":{"start":{"line":56,"column":21},"end":{"line":56,"column":49}},"11":{"start":{"line":57,"column":21},"end":{"line":57,"column":61}},"12":{"start":{"line":64,"column":4},"end":{"line":67,"column":5}},"13":{"start":{"line":65,"column":6},"end":{"line":65,"column":49}},"14":{"start":{"line":66,"column":6},"end":{"line":66,"column":13}},"15":{"start":{"line":69,"column":4},"end":{"line":69,"column":32}},"16":{"start":{"line":70,"column":4},"end":{"line":70,"column":34}},"17":{"start":{"line":71,"column":4},"end":{"line":71,"column":34}},"18":{"start":{"line":72,"column":4},"end":{"line":72,"column":31}},"19":{"start":{"line":74,"column":22},"end":{"line":74,"column":32}},"20":{"start":{"line":76,"column":4},"end":{"line":154,"column":5}},"21":{"start":{"line":77,"column":6},"end":{"line":77,"column":58}},"22":{"start":{"line":80,"column":6},"end":{"line":84,"column":9}},"23":{"start":{"line":87,"column":6},"end":{"line":87,"column":39}},"24":{"start":{"line":90,"column":6},"end":{"line":90,"column":44}},"25":{"start":{"line":93,"column":6},"end":{"line":93,"column":54}},"26":{"start":{"line":96,"column":25},"end":{"line":96,"column":59}},"27":{"start":{"line":98,"column":6},"end":{"line":101,"column":7}},"28":{"start":{"line":99,"column":8},"end":{"line":99,"column":54}},"29":{"start":{"line":100,"column":8},"end":{"line":100,"column":15}},"30":{"start":{"line":103,"column":6},"end":{"line":103,"column":79}},"31":{"start":{"line":106,"column":22},"end":{"line":106,"column":86}},"32":{"start":{"line":108,"column":6},"end":{"line":122,"column":7}},"33":{"start":{"line":109,"column":8},"end":{"line":109,"column":41}},"34":{"start":{"line":109,"column":35},"end":{"line":109,"column":41}},"35":{"start":{"line":111,"column":8},"end":{"line":114,"column":10}},"36":{"start":{"line":116,"column":8},"end":{"line":116,"column":39}},"37":{"start":{"line":119,"column":8},"end":{"line":121,"column":9}},"38":{"start":{"line":120,"column":10},"end":{"line":120,"column":28}},"39":{"start":{"line":124,"column":23},"end":{"line":124,"column":45}},"40":{"start":{"line":125,"column":29},"end":{"line":125,"column":79}},"41":{"start":{"line":127,"column":39},"end":{"line":133,"column":8}},"42":{"start":{"line":135,"column":6},"end":{"line":135,"column":64}},"43":{"start":{"line":138,"column":6},"end":{"line":138,"column":60}},"44":{"start":{"line":140,"column":18},"end":{"line":140,"column":75}},"45":{"start":{"line":141,"column":6},"end":{"line":141,"column":82}},"46":{"start":{"line":144,"column":6},"end":{"line":147,"column":9}},"47":{"start":{"line":149,"column":6},"end":{"line":149,"column":16}},"48":{"start":{"line":152,"column":6},"end":{"line":152,"column":42}},"49":{"start":{"line":153,"column":6},"end":{"line":153,"column":35}},"50":{"start":{"line":161,"column":4},"end":{"line":164,"column":5}},"51":{"start":{"line":162,"column":6},"end":{"line":162,"column":45}},"52":{"start":{"line":163,"column":6},"end":{"line":163,"column":13}},"53":{"start":{"line":166,"column":4},"end":{"line":166,"column":51}},"54":{"start":{"line":167,"column":4},"end":{"line":167,"column":33}},"55":{"start":{"line":170,"column":20},"end":{"line":170,"column":25}},"56":{"start":{"line":171,"column":22},"end":{"line":171,"column":32}},"57":{"start":{"line":173,"column":4},"end":{"line":175,"column":5}},"58":{"start":{"line":174,"column":6},"end":{"line":174,"column":23}},"59":{"start":{"line":177,"column":4},"end":{"line":180,"column":5}},"60":{"start":{"line":178,"column":6},"end":{"line":178,"column":57}},"61":{"start":{"line":179,"column":6},"end":{"line":179,"column":44}},"62":{"start":{"line":182,"column":4},"end":{"line":182,"column":36}},"63":{"start":{"line":189,"column":40},"end":{"line":189,"column":42}},"64":{"start":{"line":190,"column":29},"end":{"line":190,"column":68}},"65":{"start":{"line":193,"column":4},"end":{"line":199,"column":5}},"66":{"start":{"line":193,"column":17},"end":{"line":193,"column":18}},"67":{"start":{"line":194,"column":6},"end":{"line":194,"column":39}},"68":{"start":{"line":194,"column":33},"end":{"line":194,"column":39}},"69":{"start":{"line":196,"column":20},"end":{"line":196,"column":61}},"70":{"start":{"line":197,"column":27},"end":{"line":197,"column":104}},"71":{"start":{"line":197,"column":70},"end":{"line":197,"column":102}},"72":{"start":{"line":198,"column":6},"end":{"line":198,"column":36}},"73":{"start":{"line":201,"column":4},"end":{"line":201,"column":19}},"74":{"start":{"line":208,"column":22},"end":{"line":208,"column":32}},"75":{"start":{"line":209,"column":28},"end":{"line":209,"column":81}},"76":{"start":{"line":211,"column":4},"end":{"line":281,"column":5}},"77":{"start":{"line":212,"column":6},"end":{"line":212,"column":54}},"78":{"start":{"line":215,"column":24},"end":{"line":215,"column":86}},"79":{"start":{"line":216,"column":6},"end":{"line":216,"column":75}},"80":{"start":{"line":219,"column":28},"end":{"line":219,"column":81}},"81":{"start":{"line":222,"column":25},"end":{"line":227,"column":null}},"82":{"start":{"line":231,"column":6},"end":{"line":240,"column":8}},"83":{"start":{"line":243,"column":6},"end":{"line":243,"column":77}},"84":{"start":{"line":245,"column":6},"end":{"line":245,"column":34}},"85":{"start":{"line":247,"column":23},"end":{"line":247,"column":45}},"86":{"start":{"line":248,"column":6},"end":{"line":248,"column":108}},"87":{"start":{"line":250,"column":6},"end":{"line":255,"column":8}},"88":{"start":{"line":257,"column":18},"end":{"line":257,"column":75}},"89":{"start":{"line":258,"column":6},"end":{"line":258,"column":31}},"90":{"start":{"line":260,"column":6},"end":{"line":260,"column":85}},"91":{"start":{"line":263,"column":6},"end":{"line":271,"column":7}},"92":{"start":{"line":264,"column":26},"end":{"line":264,"column":88}},"93":{"start":{"line":265,"column":8},"end":{"line":265,"column":73}},"94":{"start":{"line":267,"column":8},"end":{"line":270,"column":10}},"95":{"start":{"line":273,"column":23},"end":{"line":273,"column":45}},"96":{"start":{"line":275,"column":6},"end":{"line":280,"column":8}},"97":{"start":{"line":288,"column":27},"end":{"line":288,"column":29}},"98":{"start":{"line":289,"column":4},"end":{"line":291,"column":5}},"99":{"start":{"line":289,"column":17},"end":{"line":289,"column":18}},"100":{"start":{"line":290,"column":6},"end":{"line":290,"column":50}},"101":{"start":{"line":292,"column":4},"end":{"line":292,"column":19}},"102":{"start":{"line":299,"column":4},"end":{"line":299,"column":29}},"103":{"start":{"line":44,"column":0},"end":{"line":44,"column":13}}},"fnMap":{"0":{"name":"(anonymous_1)","decl":{"start":{"line":52,"column":2},"end":{"line":52,"column":null}},"loc":{"start":{"line":57,"column":61},"end":{"line":58,"column":6}}},"1":{"name":"(anonymous_2)","decl":{"start":{"line":63,"column":2},"end":{"line":63,"column":7}},"loc":{"start":{"line":63,"column":13},"end":{"line":155,"column":3}}},"2":{"name":"(anonymous_3)","decl":{"start":{"line":160,"column":2},"end":{"line":160,"column":7}},"loc":{"start":{"line":160,"column":12},"end":{"line":183,"column":3}}},"3":{"name":"(anonymous_4)","decl":{"start":{"line":188,"column":2},"end":{"line":188,"column":7}},"loc":{"start":{"line":188,"column":43},"end":{"line":202,"column":3}}},"4":{"name":"(anonymous_5)","decl":{"start":{"line":197,"column":55},"end":{"line":197,"column":56}},"loc":{"start":{"line":197,"column":70},"end":{"line":197,"column":102}}},"5":{"name":"(anonymous_6)","decl":{"start":{"line":207,"column":2},"end":{"line":207,"column":7}},"loc":{"start":{"line":207,"column":44},"end":{"line":282,"column":3}}},"6":{"name":"(anonymous_7)","decl":{"start":{"line":287,"column":10},"end":{"line":287,"column":23}},"loc":{"start":{"line":287,"column":56},"end":{"line":293,"column":3}}},"7":{"name":"(anonymous_8)","decl":{"start":{"line":298,"column":2},"end":{"line":298,"column":10}},"loc":{"start":{"line":298,"column":10},"end":{"line":300,"column":3}}}},"branchMap":{"0":{"loc":{"start":{"line":64,"column":4},"end":{"line":67,"column":5}},"type":"if","locations":[{"start":{"line":64,"column":4},"end":{"line":67,"column":5}}]},"1":{"loc":{"start":{"line":98,"column":6},"end":{"line":101,"column":7}},"type":"if","locations":[{"start":{"line":98,"column":6},"end":{"line":101,"column":7}}]},"2":{"loc":{"start":{"line":109,"column":8},"end":{"line":109,"column":41}},"type":"if","locations":[{"start":{"line":109,"column":8},"end":{"line":109,"column":41}}]},"3":{"loc":{"start":{"line":119,"column":8},"end":{"line":121,"column":9}},"type":"if","locations":[{"start":{"line":119,"column":8},"end":{"line":121,"column":9}}]},"4":{"loc":{"start":{"line":119,"column":12},"end":{"line":119,"column":64}},"type":"binary-expr","locations":[{"start":{"line":119,"column":12},"end":{"line":119,"column":38}},{"start":{"line":119,"column":42},"end":{"line":119,"column":64}}]},"5":{"loc":{"start":{"line":132,"column":28},"end":{"line":132,"column":78}},"type":"cond-expr","locations":[{"start":{"line":132,"column":49},"end":{"line":132,"column":74}},{"start":{"line":132,"column":77},"end":{"line":132,"column":78}}]},"6":{"loc":{"start":{"line":140,"column":18},"end":{"line":140,"column":75}},"type":"cond-expr","locations":[{"start":{"line":140,"column":43},"end":{"line":140,"column":48}},{"start":{"line":140,"column":51},"end":{"line":140,"column":75}}]},"7":{"loc":{"start":{"line":161,"column":4},"end":{"line":164,"column":5}},"type":"if","locations":[{"start":{"line":161,"column":4},"end":{"line":164,"column":5}}]},"8":{"loc":{"start":{"line":173,"column":11},"end":{"line":173,"column":67}},"type":"binary-expr","locations":[{"start":{"line":173,"column":11},"end":{"line":173,"column":31}},{"start":{"line":173,"column":35},"end":{"line":173,"column":67}}]},"9":{"loc":{"start":{"line":177,"column":4},"end":{"line":180,"column":5}},"type":"if","locations":[{"start":{"line":177,"column":4},"end":{"line":180,"column":5}}]},"10":{"loc":{"start":{"line":194,"column":6},"end":{"line":194,"column":39}},"type":"if","locations":[{"start":{"line":194,"column":6},"end":{"line":194,"column":39}}]},"11":{"loc":{"start":{"line":257,"column":18},"end":{"line":257,"column":75}},"type":"cond-expr","locations":[{"start":{"line":257,"column":43},"end":{"line":257,"column":48}},{"start":{"line":257,"column":51},"end":{"line":257,"column":75}}]},"12":{"loc":{"start":{"line":268,"column":19},"end":{"line":268,"column":85}},"type":"cond-expr","locations":[{"start":{"line":268,"column":48},"end":{"line":268,"column":65}},{"start":{"line":268,"column":68},"end":{"line":268,"column":85}}]}},"s":{"0":0,"1":0,"2":0,"3":0,"4":0,"5":0,"6":0,"7":0,"8":0,"9":0,"10":0,"11":0,"12":0,"13":0,"14":0,"15":0,"16":0,"17":0,"18":0,"19":0,"20":0,"21":0,"22":0,"23":0,"24":0,"25":0,"26":0,"27":0,"28":0,"29":0,"30":0,"31":0,"32":0,"33":0,"34":0,"35":0,"36":0,"37":0,"38":0,"39":0,"40":0,"41":0,"42":0,"43":0,"44":0,"45":0,"46":0,"47":0,"48":0,"49":0,"50":0,"51":0,"52":0,"53":0,"54":0,"55":0,"56":0,"57":0,"58":0,"59":0,"60":0,"61":0,"62":0,"63":0,"64":0,"65":0,"66":0,"67":0,"68":0,"69":0,"70":0,"71":0,"72":0,"73":0,"74":0,"75":0,"76":0,"77":0,"78":0,"79":0,"80":0,"81":0,"82":0,"83":0,"84":0,"85":0,"86":0,"87":0,"88":0,"89":0,"90":0,"91":0,"92":0,"93":0,"94":0,"95":0,"96":0,"97":0,"98":0,"99":0,"100":0,"101":0,"102":0,"103":0},"f":{"0":0,"1":0,"2":0,"3":0,"4":0,"5":0,"6":0,"7":0},"b":{"0":[0],"1":[0],"2":[0],"3":[0],"4":[0,0],"5":[0,0],"6":[0,0],"7":[0],"8":[0,0],"9":[0],"10":[0],"11":[0,0],"12":[0,0]}}
,"/Users/dredog/Desktop/NotionSetupguide/five9-enterprise-pipeline/src/services/notification.service.ts": {"path":"/Users/dredog/Desktop/NotionSetupguide/five9-enterprise-pipeline/src/services/notification.service.ts","statementMap":{"0":{"start":{"line":2,"column":0},"end":{"line":2,"column":44}},"1":{"start":{"line":3,"column":0},"end":{"line":3,"column":39}},"2":{"start":{"line":5,"column":15},"end":{"line":5,"column":26}},"3":{"start":{"line":31,"column":31},"end":{"line":31,"column":57}},"4":{"start":{"line":32,"column":4},"end":{"line":32,"column":51}},"5":{"start":{"line":33,"column":4},"end":{"line":37,"column":5}},"6":{"start":{"line":34,"column":6},"end":{"line":34,"column":49}},"7":{"start":{"line":36,"column":6},"end":{"line":36,"column":78}},"8":{"start":{"line":44,"column":4},"end":{"line":44,"column":32}},"9":{"start":{"line":44,"column":25},"end":{"line":44,"column":32}},"10":{"start":{"line":46,"column":20},"end":{"line":92,"column":6}},"11":{"start":{"line":94,"column":4},"end":{"line":94,"column":36}},"12":{"start":{"line":101,"column":4},"end":{"line":101,"column":32}},"13":{"start":{"line":101,"column":25},"end":{"line":101,"column":32}},"14":{"start":{"line":103,"column":20},"end":{"line":138,"column":6}},"15":{"start":{"line":140,"column":4},"end":{"line":140,"column":36}},"16":{"start":{"line":147,"column":4},"end":{"line":147,"column":32}},"17":{"start":{"line":147,"column":25},"end":{"line":147,"column":32}},"18":{"start":{"line":150,"column":6},"end":{"line":150,"column":93}},"19":{"start":{"line":152,"column":20},"end":{"line":200,"column":6}},"20":{"start":{"line":202,"column":4},"end":{"line":202,"column":36}},"21":{"start":{"line":209,"column":4},"end":{"line":249,"column":5}},"22":{"start":{"line":209,"column":23},"end":{"line":209,"column":24}},"23":{"start":{"line":210,"column":6},"end":{"line":248,"column":7}},"24":{"start":{"line":211,"column":25},"end":{"line":217,"column":10}},"25":{"start":{"line":219,"column":8},"end":{"line":222,"column":9}},"26":{"start":{"line":220,"column":10},"end":{"line":220,"column":63}},"27":{"start":{"line":221,"column":10},"end":{"line":221,"column":17}},"28":{"start":{"line":224,"column":8},"end":{"line":231,"column":10}},"29":{"start":{"line":233,"column":8},"end":{"line":235,"column":9}},"30":{"start":{"line":234,"column":10},"end":{"line":234,"column":51}},"31":{"start":{"line":237,"column":8},"end":{"line":243,"column":10}},"32":{"start":{"line":245,"column":8},"end":{"line":247,"column":9}},"33":{"start":{"line":246,"column":10},"end":{"line":246,"column":51}},"34":{"start":{"line":252,"column":4},"end":{"line":252,"column":72}},"35":{"start":{"line":259,"column":20},"end":{"line":259,"column":41}},"36":{"start":{"line":260,"column":20},"end":{"line":260,"column":44}},"37":{"start":{"line":261,"column":18},"end":{"line":261,"column":42}},"38":{"start":{"line":263,"column":4},"end":{"line":269,"column":5}},"39":{"start":{"line":264,"column":6},"end":{"line":264,"column":59}},"40":{"start":{"line":265,"column":11},"end":{"line":269,"column":5}},"41":{"start":{"line":266,"column":6},"end":{"line":266,"column":44}},"42":{"start":{"line":268,"column":6},"end":{"line":268,"column":27}},"43":{"start":{"line":28,"column":0},"end":{"line":28,"column":13}}},"fnMap":{"0":{"name":"(anonymous_0)","decl":{"start":{"line":31,"column":2},"end":{"line":31,"column":31}},"loc":{"start":{"line":31,"column":57},"end":{"line":38,"column":3}}},"1":{"name":"(anonymous_1)","decl":{"start":{"line":43,"column":2},"end":{"line":43,"column":7}},"loc":{"start":{"line":43,"column":46},"end":{"line":95,"column":3}}},"2":{"name":"(anonymous_2)","decl":{"start":{"line":100,"column":2},"end":{"line":100,"column":7}},"loc":{"start":{"line":100,"column":68},"end":{"line":141,"column":3}}},"3":{"name":"(anonymous_3)","decl":{"start":{"line":146,"column":2},"end":{"line":146,"column":7}},"loc":{"start":{"line":146,"column":44},"end":{"line":203,"column":3}}},"4":{"name":"(anonymous_4)","decl":{"start":{"line":208,"column":10},"end":{"line":208,"column":15}},"loc":{"start":{"line":208,"column":57},"end":{"line":253,"column":3}}},"5":{"name":"(anonymous_5)","decl":{"start":{"line":258,"column":10},"end":{"line":258,"column":24}},"loc":{"start":{"line":258,"column":35},"end":{"line":270,"column":3}}}},"branchMap":{"0":{"loc":{"start":{"line":33,"column":4},"end":{"line":37,"column":5}},"type":"if","locations":[{"start":{"line":33,"column":4},"end":{"line":37,"column":5}},{"start":{"line":35,"column":11},"end":{"line":37,"column":5}}]},"1":{"loc":{"start":{"line":44,"column":4},"end":{"line":44,"column":32}},"type":"if","locations":[{"start":{"line":44,"column":4},"end":{"line":44,"column":32}}]},"2":{"loc":{"start":{"line":101,"column":4},"end":{"line":101,"column":32}},"type":"if","locations":[{"start":{"line":101,"column":4},"end":{"line":101,"column":32}}]},"3":{"loc":{"start":{"line":147,"column":4},"end":{"line":147,"column":32}},"type":"if","locations":[{"start":{"line":147,"column":4},"end":{"line":147,"column":32}}]},"4":{"loc":{"start":{"line":150,"column":6},"end":{"line":150,"column":93}},"type":"cond-expr","locations":[{"start":{"line":150,"column":29},"end":{"line":150,"column":87}},{"start":{"line":150,"column":90},"end":{"line":150,"column":93}}]},"5":{"loc":{"start":{"line":208,"column":46},"end":{"line":208,"column":57}},"type":"default-arg","locations":[{"start":{"line":208,"column":56},"end":{"line":208,"column":57}}]},"6":{"loc":{"start":{"line":219,"column":8},"end":{"line":222,"column":9}},"type":"if","locations":[{"start":{"line":219,"column":8},"end":{"line":222,"column":9}}]},"7":{"loc":{"start":{"line":233,"column":8},"end":{"line":235,"column":9}},"type":"if","locations":[{"start":{"line":233,"column":8},"end":{"line":235,"column":9}}]},"8":{"loc":{"start":{"line":239,"column":19},"end":{"line":239,"column":73}},"type":"cond-expr","locations":[{"start":{"line":239,"column":44},"end":{"line":239,"column":57}},{"start":{"line":239,"column":60},"end":{"line":239,"column":73}}]},"9":{"loc":{"start":{"line":245,"column":8},"end":{"line":247,"column":9}},"type":"if","locations":[{"start":{"line":245,"column":8},"end":{"line":247,"column":9}}]},"10":{"loc":{"start":{"line":263,"column":4},"end":{"line":269,"column":5}},"type":"if","locations":[{"start":{"line":263,"column":4},"end":{"line":269,"column":5}},{"start":{"line":265,"column":11},"end":{"line":269,"column":5}}]},"11":{"loc":{"start":{"line":265,"column":11},"end":{"line":269,"column":5}},"type":"if","locations":[{"start":{"line":265,"column":11},"end":{"line":269,"column":5}},{"start":{"line":267,"column":11},"end":{"line":269,"column":5}}]}},"s":{"0":0,"1":0,"2":0,"3":0,"4":0,"5":0,"6":0,"7":0,"8":0,"9":0,"10":0,"11":0,"12":0,"13":0,"14":0,"15":0,"16":0,"17":0,"18":0,"19":0,"20":0,"21":0,"22":0,"23":0,"24":0,"25":0,"26":0,"27":0,"28":0,"29":0,"30":0,"31":0,"32":0,"33":0,"34":0,"35":0,"36":0,"37":0,"38":0,"39":0,"40":0,"41":0,"42":0,"43":0},"f":{"0":0,"1":0,"2":0,"3":0,"4":0,"5":0},"b":{"0":[0,0],"1":[0],"2":[0],"3":[0],"4":[0,0],"5":[0],"6":[0],"7":[0],"8":[0,0],"9":[0],"10":[0,0],"11":[0,0]}}
,"/Users/dredog/Desktop/NotionSetupguide/five9-enterprise-pipeline/src/services/notion.service.ts": {"path":"/Users/dredog/Desktop/NotionSetupguide/five9-enterprise-pipeline/src/services/notion.service.ts","statementMap":{"0":{"start":{"line":1,"column":0},"end":{"line":1,"column":42}},"1":{"start":{"line":3,"column":0},"end":{"line":3,"column":44}},"2":{"start":{"line":4,"column":0},"end":{"line":4,"column":46}},"3":{"start":{"line":5,"column":0},"end":{"line":5,"column":64}},"4":{"start":{"line":9,"column":15},"end":{"line":9,"column":26}},"5":{"start":{"line":31,"column":31},"end":{"line":31,"column":48}},"6":{"start":{"line":34,"column":21},"end":{"line":34,"column":41}},"7":{"start":{"line":35,"column":21},"end":{"line":35,"column":47}},"8":{"start":{"line":37,"column":4},"end":{"line":39,"column":7}},"9":{"start":{"line":46,"column":4},"end":{"line":46,"column":87}},"10":{"start":{"line":48,"column":4},"end":{"line":81,"column":6}},"11":{"start":{"line":50,"column":8},"end":{"line":77,"column":9}},"12":{"start":{"line":52,"column":27},"end":{"line":54,"column":12}},"13":{"start":{"line":56,"column":10},"end":{"line":65,"column":12}},"14":{"start":{"line":61,"column":47},"end":{"line":61,"column":84}},"15":{"start":{"line":70,"column":22},"end":{"line":70,"column":79}},"16":{"start":{"line":72,"column":10},"end":{"line":74,"column":11}},"17":{"start":{"line":73,"column":12},"end":{"line":73,"column":71}},"18":{"start":{"line":76,"column":10},"end":{"line":76,"column":64}},"19":{"start":{"line":92,"column":4},"end":{"line":99,"column":5}},"20":{"start":{"line":93,"column":6},"end":{"line":93,"column":94}},"21":{"start":{"line":94,"column":6},"end":{"line":98,"column":8}},"22":{"start":{"line":101,"column":4},"end":{"line":198,"column":6}},"23":{"start":{"line":103,"column":8},"end":{"line":194,"column":9}},"24":{"start":{"line":104,"column":10},"end":{"line":104,"column":76}},"25":{"start":{"line":108,"column":12},"end":{"line":110,"column":34}},"26":{"start":{"line":112,"column":27},"end":{"line":159,"column":12}},"27":{"start":{"line":162,"column":10},"end":{"line":162,"column":54}},"28":{"start":{"line":164,"column":41},"end":{"line":167,"column":12}},"29":{"start":{"line":169,"column":10},"end":{"line":176,"column":12}},"30":{"start":{"line":178,"column":10},"end":{"line":178,"column":28}},"31":{"start":{"line":180,"column":22},"end":{"line":180,"column":79}},"32":{"start":{"line":183,"column":10},"end":{"line":185,"column":11}},"33":{"start":{"line":184,"column":12},"end":{"line":184,"column":50}},"34":{"start":{"line":188,"column":29},"end":{"line":188,"column":57}},"35":{"start":{"line":189,"column":10},"end":{"line":191,"column":11}},"36":{"start":{"line":190,"column":12},"end":{"line":190,"column":78}},"37":{"start":{"line":193,"column":10},"end":{"line":193,"column":66}},"38":{"start":{"line":205,"column":4},"end":{"line":242,"column":5}},"39":{"start":{"line":206,"column":6},"end":{"line":206,"column":54}},"40":{"start":{"line":208,"column":23},"end":{"line":211,"column":8}},"41":{"start":{"line":213,"column":28},"end":{"line":213,"column":45}},"42":{"start":{"line":215,"column":6},"end":{"line":230,"column":7}},"43":{"start":{"line":216,"column":8},"end":{"line":229,"column":9}},"44":{"start":{"line":217,"column":31},"end":{"line":217,"column":59}},"45":{"start":{"line":218,"column":10},"end":{"line":228,"column":11}},"46":{"start":{"line":224,"column":29},"end":{"line":224,"column":50}},"47":{"start":{"line":225,"column":12},"end":{"line":227,"column":13}},"48":{"start":{"line":226,"column":14},"end":{"line":226,"column":53}},"49":{"start":{"line":232,"column":6},"end":{"line":232,"column":79}},"50":{"start":{"line":233,"column":6},"end":{"line":233,"column":46}},"51":{"start":{"line":235,"column":6},"end":{"line":235,"column":27}},"52":{"start":{"line":237,"column":6},"end":{"line":240,"column":8}},"53":{"start":{"line":241,"column":6},"end":{"line":241,"column":23}},"54":{"start":{"line":249,"column":4},"end":{"line":260,"column":5}},"55":{"start":{"line":250,"column":6},"end":{"line":252,"column":9}},"56":{"start":{"line":253,"column":6},"end":{"line":253,"column":18}},"57":{"start":{"line":255,"column":6},"end":{"line":258,"column":8}},"58":{"start":{"line":259,"column":6},"end":{"line":259,"column":19}},"59":{"start":{"line":29,"column":0},"end":{"line":29,"column":13}}},"fnMap":{"0":{"name":"(anonymous_0)","decl":{"start":{"line":33,"column":2},"end":{"line":33,"column":null}},"loc":{"start":{"line":35,"column":47},"end":{"line":40,"column":3}}},"1":{"name":"(anonymous_1)","decl":{"start":{"line":45,"column":2},"end":{"line":45,"column":7}},"loc":{"start":{"line":45,"column":18},"end":{"line":82,"column":3}}},"2":{"name":"(anonymous_2)","decl":{"start":{"line":49,"column":6},"end":{"line":49,"column":11}},"loc":{"start":{"line":49,"column":17},"end":{"line":78,"column":7}}},"3":{"name":"(anonymous_3)","decl":{"start":{"line":61,"column":39},"end":{"line":61,"column":40}},"loc":{"start":{"line":61,"column":47},"end":{"line":61,"column":84}}},"4":{"name":"(anonymous_4)","decl":{"start":{"line":87,"column":2},"end":{"line":87,"column":7}},"loc":{"start":{"line":89,"column":38},"end":{"line":199,"column":3}}},"5":{"name":"(anonymous_5)","decl":{"start":{"line":102,"column":6},"end":{"line":102,"column":11}},"loc":{"start":{"line":102,"column":17},"end":{"line":195,"column":7}}},"6":{"name":"(anonymous_6)","decl":{"start":{"line":204,"column":2},"end":{"line":204,"column":7}},"loc":{"start":{"line":204,"column":28},"end":{"line":243,"column":3}}},"7":{"name":"(anonymous_7)","decl":{"start":{"line":248,"column":2},"end":{"line":248,"column":7}},"loc":{"start":{"line":248,"column":19},"end":{"line":261,"column":3}}}},"branchMap":{"0":{"loc":{"start":{"line":60,"column":16},"end":{"line":62,"column":29}},"type":"cond-expr","locations":[{"start":{"line":61,"column":20},"end":{"line":61,"column":95}},{"start":{"line":62,"column":20},"end":{"line":62,"column":29}}]},"1":{"loc":{"start":{"line":60,"column":16},"end":{"line":60,"column":68}},"type":"binary-expr","locations":[{"start":{"line":60,"column":16},"end":{"line":60,"column":35}},{"start":{"line":60,"column":39},"end":{"line":60,"column":68}}]},"2":{"loc":{"start":{"line":61,"column":47},"end":{"line":61,"column":84}},"type":"cond-expr","locations":[{"start":{"line":61,"column":67},"end":{"line":61,"column":79}},{"start":{"line":61,"column":82},"end":{"line":61,"column":84}}]},"3":{"loc":{"start":{"line":70,"column":22},"end":{"line":70,"column":79}},"type":"cond-expr","locations":[{"start":{"line":70,"column":47},"end":{"line":70,"column":52}},{"start":{"line":70,"column":55},"end":{"line":70,"column":79}}]},"4":{"loc":{"start":{"line":72,"column":10},"end":{"line":74,"column":11}},"type":"if","locations":[{"start":{"line":72,"column":10},"end":{"line":74,"column":11}}]},"5":{"loc":{"start":{"line":72,"column":14},"end":{"line":72,"column":89}},"type":"binary-expr","locations":[{"start":{"line":72,"column":14},"end":{"line":72,"column":47}},{"start":{"line":72,"column":51},"end":{"line":72,"column":89}}]},"6":{"loc":{"start":{"line":92,"column":4},"end":{"line":99,"column":5}},"type":"if","locations":[{"start":{"line":92,"column":4},"end":{"line":99,"column":5}}]},"7":{"loc":{"start":{"line":108,"column":12},"end":{"line":110,"column":34}},"type":"cond-expr","locations":[{"start":{"line":109,"column":16},"end":{"line":109,"column":61}},{"start":{"line":110,"column":16},"end":{"line":110,"column":34}}]},"8":{"loc":{"start":{"line":143,"column":25},"end":{"line":145,"column":66}},"type":"cond-expr","locations":[{"start":{"line":144,"column":22},"end":{"line":144,"column":56}},{"start":{"line":145,"column":22},"end":{"line":145,"column":66}}]},"9":{"loc":{"start":{"line":166,"column":17},"end":{"line":166,"column":54}},"type":"cond-expr","locations":[{"start":{"line":166,"column":37},"end":{"line":166,"column":49}},{"start":{"line":166,"column":52},"end":{"line":166,"column":54}}]},"10":{"loc":{"start":{"line":180,"column":22},"end":{"line":180,"column":79}},"type":"cond-expr","locations":[{"start":{"line":180,"column":47},"end":{"line":180,"column":52}},{"start":{"line":180,"column":55},"end":{"line":180,"column":79}}]},"11":{"loc":{"start":{"line":183,"column":10},"end":{"line":185,"column":11}},"type":"if","locations":[{"start":{"line":183,"column":10},"end":{"line":185,"column":11}}]},"12":{"loc":{"start":{"line":183,"column":14},"end":{"line":183,"column":79}},"type":"binary-expr","locations":[{"start":{"line":183,"column":14},"end":{"line":183,"column":48}},{"start":{"line":183,"column":52},"end":{"line":183,"column":79}}]},"13":{"loc":{"start":{"line":189,"column":10},"end":{"line":191,"column":11}},"type":"if","locations":[{"start":{"line":189,"column":10},"end":{"line":191,"column":11}}]},"14":{"loc":{"start":{"line":216,"column":8},"end":{"line":229,"column":9}},"type":"if","locations":[{"start":{"line":216,"column":8},"end":{"line":229,"column":9}}]},"15":{"loc":{"start":{"line":216,"column":12},"end":{"line":216,"column":66}},"type":"binary-expr","locations":[{"start":{"line":216,"column":12},"end":{"line":216,"column":32}},{"start":{"line":216,"column":36},"end":{"line":216,"column":66}}]},"16":{"loc":{"start":{"line":218,"column":10},"end":{"line":228,"column":11}},"type":"if","locations":[{"start":{"line":218,"column":10},"end":{"line":228,"column":11}}]},"17":{"loc":{"start":{"line":219,"column":12},"end":{"line":222,"column":41}},"type":"binary-expr","locations":[{"start":{"line":219,"column":12},"end":{"line":219,"column":24}},{"start":{"line":220,"column":12},"end":{"line":220,"column":35}},{"start":{"line":221,"column":12},"end":{"line":221,"column":45}},{"start":{"line":222,"column":12},"end":{"line":222,"column":41}}]},"18":{"loc":{"start":{"line":225,"column":12},"end":{"line":227,"column":13}},"type":"if","locations":[{"start":{"line":225,"column":12},"end":{"line":227,"column":13}}]},"19":{"loc":{"start":{"line":225,"column":16},"end":{"line":225,"column":52}},"type":"binary-expr","locations":[{"start":{"line":225,"column":16},"end":{"line":225,"column":24}},{"start":{"line":225,"column":28},"end":{"line":225,"column":52}}]},"20":{"loc":{"start":{"line":238,"column":17},"end":{"line":238,"column":71}},"type":"cond-expr","locations":[{"start":{"line":238,"column":42},"end":{"line":238,"column":55}},{"start":{"line":238,"column":58},"end":{"line":238,"column":71}}]},"21":{"loc":{"start":{"line":256,"column":17},"end":{"line":256,"column":71}},"type":"cond-expr","locations":[{"start":{"line":256,"column":42},"end":{"line":256,"column":55}},{"start":{"line":256,"column":58},"end":{"line":256,"column":71}}]}},"s":{"0":0,"1":0,"2":0,"3":0,"4":0,"5":0,"6":0,"7":0,"8":0,"9":0,"10":0,"11":0,"12":0,"13":0,"14":0,"15":0,"16":0,"17":0,"18":0,"19":0,"20":0,"21":0,"22":0,"23":0,"24":0,"25":0,"26":0,"27":0,"28":0,"29":0,"30":0,"31":0,"32":0,"33":0,"34":0,"35":0,"36":0,"37":0,"38":0,"39":0,"40":0,"41":0,"42":0,"43":0,"44":0,"45":0,"46":0,"47":0,"48":0,"49":0,"50":0,"51":0,"52":0,"53":0,"54":0,"55":0,"56":0,"57":0,"58":0,"59":0},"f":{"0":0,"1":0,"2":0,"3":0,"4":0,"5":0,"6":0,"7":0},"b":{"0":[0,0],"1":[0,0],"2":[0,0],"3":[0,0],"4":[0],"5":[0,0],"6":[0],"7":[0,0],"8":[0,0],"9":[0,0],"10":[0,0],"11":[0],"12":[0,0],"13":[0],"14":[0],"15":[0,0],"16":[0],"17":[0,0,0,0],"18":[0],"19":[0,0],"20":[0,0],"21":[0,0]}}
,"/Users/dredog/Desktop/NotionSetupguide/five9-enterprise-pipeline/src/services/sftp.service.ts": {"path":"/Users/dredog/Desktop/NotionSetupguide/five9-enterprise-pipeline/src/services/sftp.service.ts","statementMap":{"0":{"start":{"line":1,"column":0},"end":{"line":1,"column":42}},"1":{"start":{"line":3,"column":0},"end":{"line":3,"column":44}},"2":{"start":{"line":4,"column":0},"end":{"line":4,"column":44}},"3":{"start":{"line":5,"column":0},"end":{"line":5,"column":64}},"4":{"start":{"line":7,"column":15},"end":{"line":7,"column":26}},"5":{"start":{"line":24,"column":24},"end":{"line":24,"column":29}},"6":{"start":{"line":27,"column":21},"end":{"line":27,"column":39}},"7":{"start":{"line":28,"column":21},"end":{"line":28,"column":47}},"8":{"start":{"line":30,"column":4},"end":{"line":30,"column":35}},"9":{"start":{"line":37,"column":4},"end":{"line":40,"column":5}},"10":{"start":{"line":38,"column":6},"end":{"line":38,"column":45}},"11":{"start":{"line":39,"column":6},"end":{"line":39,"column":13}},"12":{"start":{"line":42,"column":4},"end":{"line":75,"column":6}},"13":{"start":{"line":44,"column":8},"end":{"line":71,"column":9}},"14":{"start":{"line":45,"column":10},"end":{"line":48,"column":12}},"15":{"start":{"line":50,"column":10},"end":{"line":57,"column":13}},"16":{"start":{"line":59,"column":10},"end":{"line":59,"column":34}},"17":{"start":{"line":60,"column":10},"end":{"line":60,"column":53}},"18":{"start":{"line":62,"column":10},"end":{"line":62,"column":35}},"19":{"start":{"line":63,"column":22},"end":{"line":63,"column":79}},"20":{"start":{"line":66,"column":10},"end":{"line":68,"column":11}},"21":{"start":{"line":67,"column":12},"end":{"line":67,"column":71}},"22":{"start":{"line":70,"column":10},"end":{"line":70,"column":66}},"23":{"start":{"line":82,"column":4},"end":{"line":85,"column":5}},"24":{"start":{"line":83,"column":6},"end":{"line":83,"column":48}},"25":{"start":{"line":84,"column":6},"end":{"line":84,"column":13}},"26":{"start":{"line":87,"column":4},"end":{"line":98,"column":5}},"27":{"start":{"line":88,"column":6},"end":{"line":88,"column":52}},"28":{"start":{"line":89,"column":6},"end":{"line":89,"column":30}},"29":{"start":{"line":90,"column":6},"end":{"line":90,"column":31}},"30":{"start":{"line":91,"column":6},"end":{"line":91,"column":44}},"31":{"start":{"line":93,"column":6},"end":{"line":96,"column":8}},"32":{"start":{"line":97,"column":6},"end":{"line":97,"column":31}},"33":{"start":{"line":105,"column":23},"end":{"line":105,"column":59}},"34":{"start":{"line":107,"column":4},"end":{"line":135,"column":6}},"35":{"start":{"line":109,"column":8},"end":{"line":131,"column":9}},"36":{"start":{"line":110,"column":10},"end":{"line":110,"column":76}},"37":{"start":{"line":112,"column":27},"end":{"line":112,"column":61}},"38":{"start":{"line":114,"column":36},"end":{"line":121,"column":15}},"39":{"start":{"line":115,"column":30},"end":{"line":115,"column":47}},"40":{"start":{"line":116,"column":28},"end":{"line":121,"column":14}},"41":{"start":{"line":123,"column":10},"end":{"line":123,"column":97}},"42":{"start":{"line":125,"column":10},"end":{"line":125,"column":23}},"43":{"start":{"line":127,"column":10},"end":{"line":130,"column":12}},"44":{"start":{"line":142,"column":4},"end":{"line":162,"column":6}},"45":{"start":{"line":144,"column":8},"end":{"line":158,"column":9}},"46":{"start":{"line":145,"column":10},"end":{"line":145,"column":80}},"47":{"start":{"line":147,"column":10},"end":{"line":150,"column":13}},"48":{"start":{"line":152,"column":10},"end":{"line":152,"column":78}},"49":{"start":{"line":154,"column":10},"end":{"line":157,"column":12}},"50":{"start":{"line":169,"column":4},"end":{"line":186,"column":6}},"51":{"start":{"line":171,"column":8},"end":{"line":182,"column":9}},"52":{"start":{"line":172,"column":10},"end":{"line":172,"column":66}},"53":{"start":{"line":174,"column":10},"end":{"line":174,"column":47}},"54":{"start":{"line":176,"column":10},"end":{"line":176,"column":64}},"55":{"start":{"line":178,"column":10},"end":{"line":181,"column":12}},"56":{"start":{"line":193,"column":4},"end":{"line":193,"column":28}},"57":{"start":{"line":200,"column":4},"end":{"line":215,"column":5}},"58":{"start":{"line":201,"column":6},"end":{"line":203,"column":7}},"59":{"start":{"line":202,"column":8},"end":{"line":202,"column":21}},"60":{"start":{"line":206,"column":6},"end":{"line":206,"column":53}},"61":{"start":{"line":207,"column":6},"end":{"line":207,"column":18}},"62":{"start":{"line":209,"column":6},"end":{"line":212,"column":8}},"63":{"start":{"line":213,"column":6},"end":{"line":213,"column":31}},"64":{"start":{"line":214,"column":6},"end":{"line":214,"column":19}},"65":{"start":{"line":22,"column":0},"end":{"line":22,"column":13}}},"fnMap":{"0":{"name":"(anonymous_1)","decl":{"start":{"line":26,"column":2},"end":{"line":26,"column":null}},"loc":{"start":{"line":28,"column":47},"end":{"line":31,"column":3}}},"1":{"name":"(anonymous_2)","decl":{"start":{"line":36,"column":2},"end":{"line":36,"column":7}},"loc":{"start":{"line":36,"column":15},"end":{"line":76,"column":3}}},"2":{"name":"(anonymous_3)","decl":{"start":{"line":43,"column":6},"end":{"line":43,"column":11}},"loc":{"start":{"line":43,"column":17},"end":{"line":72,"column":7}}},"3":{"name":"(anonymous_4)","decl":{"start":{"line":81,"column":2},"end":{"line":81,"column":7}},"loc":{"start":{"line":81,"column":18},"end":{"line":99,"column":3}}},"4":{"name":"(anonymous_5)","decl":{"start":{"line":104,"column":2},"end":{"line":104,"column":7}},"loc":{"start":{"line":104,"column":37},"end":{"line":136,"column":3}}},"5":{"name":"(anonymous_6)","decl":{"start":{"line":108,"column":6},"end":{"line":108,"column":11}},"loc":{"start":{"line":108,"column":17},"end":{"line":132,"column":7}}},"6":{"name":"(anonymous_7)","decl":{"start":{"line":115,"column":20},"end":{"line":115,"column":21}},"loc":{"start":{"line":115,"column":30},"end":{"line":115,"column":47}}},"7":{"name":"(anonymous_8)","decl":{"start":{"line":116,"column":17},"end":{"line":116,"column":18}},"loc":{"start":{"line":116,"column":28},"end":{"line":121,"column":14}}},"8":{"name":"(anonymous_9)","decl":{"start":{"line":141,"column":2},"end":{"line":141,"column":7}},"loc":{"start":{"line":141,"column":58},"end":{"line":163,"column":3}}},"9":{"name":"(anonymous_10)","decl":{"start":{"line":143,"column":6},"end":{"line":143,"column":11}},"loc":{"start":{"line":143,"column":17},"end":{"line":159,"column":7}}},"10":{"name":"(anonymous_11)","decl":{"start":{"line":168,"column":2},"end":{"line":168,"column":7}},"loc":{"start":{"line":168,"column":37},"end":{"line":187,"column":3}}},"11":{"name":"(anonymous_12)","decl":{"start":{"line":170,"column":6},"end":{"line":170,"column":11}},"loc":{"start":{"line":170,"column":17},"end":{"line":183,"column":7}}},"12":{"name":"(anonymous_13)","decl":{"start":{"line":192,"column":2},"end":{"line":192,"column":19}},"loc":{"start":{"line":192,"column":19},"end":{"line":194,"column":3}}},"13":{"name":"(anonymous_14)","decl":{"start":{"line":199,"column":2},"end":{"line":199,"column":7}},"loc":{"start":{"line":199,"column":19},"end":{"line":216,"column":3}}}},"branchMap":{"0":{"loc":{"start":{"line":37,"column":4},"end":{"line":40,"column":5}},"type":"if","locations":[{"start":{"line":37,"column":4},"end":{"line":40,"column":5}}]},"1":{"loc":{"start":{"line":63,"column":22},"end":{"line":63,"column":79}},"type":"cond-expr","locations":[{"start":{"line":63,"column":47},"end":{"line":63,"column":52}},{"start":{"line":63,"column":55},"end":{"line":63,"column":79}}]},"2":{"loc":{"start":{"line":66,"column":10},"end":{"line":68,"column":11}},"type":"if","locations":[{"start":{"line":66,"column":10},"end":{"line":68,"column":11}}]},"3":{"loc":{"start":{"line":82,"column":4},"end":{"line":85,"column":5}},"type":"if","locations":[{"start":{"line":82,"column":4},"end":{"line":85,"column":5}}]},"4":{"loc":{"start":{"line":94,"column":17},"end":{"line":94,"column":71}},"type":"cond-expr","locations":[{"start":{"line":94,"column":42},"end":{"line":94,"column":55}},{"start":{"line":94,"column":58},"end":{"line":94,"column":71}}]},"5":{"loc":{"start":{"line":105,"column":23},"end":{"line":105,"column":59}},"type":"binary-expr","locations":[{"start":{"line":105,"column":23},"end":{"line":105,"column":33}},{"start":{"line":105,"column":37},"end":{"line":105,"column":59}}]},"6":{"loc":{"start":{"line":129,"column":12},"end":{"line":129,"column":69}},"type":"cond-expr","locations":[{"start":{"line":129,"column":37},"end":{"line":129,"column":42}},{"start":{"line":129,"column":45},"end":{"line":129,"column":69}}]},"7":{"loc":{"start":{"line":156,"column":12},"end":{"line":156,"column":69}},"type":"cond-expr","locations":[{"start":{"line":156,"column":37},"end":{"line":156,"column":42}},{"start":{"line":156,"column":45},"end":{"line":156,"column":69}}]},"8":{"loc":{"start":{"line":180,"column":12},"end":{"line":180,"column":69}},"type":"cond-expr","locations":[{"start":{"line":180,"column":37},"end":{"line":180,"column":42}},{"start":{"line":180,"column":45},"end":{"line":180,"column":69}}]},"9":{"loc":{"start":{"line":201,"column":6},"end":{"line":203,"column":7}},"type":"if","locations":[{"start":{"line":201,"column":6},"end":{"line":203,"column":7}}]},"10":{"loc":{"start":{"line":210,"column":17},"end":{"line":210,"column":71}},"type":"cond-expr","locations":[{"start":{"line":210,"column":42},"end":{"line":210,"column":55}},{"start":{"line":210,"column":58},"end":{"line":210,"column":71}}]}},"s":{"0":1,"1":1,"2":1,"3":1,"4":1,"5":10,"6":10,"7":10,"8":10,"9":3,"10":0,"11":0,"12":3,"13":7,"14":7,"15":7,"16":1,"17":1,"18":6,"19":6,"20":6,"21":3,"22":3,"23":1,"24":0,"25":0,"26":1,"27":1,"28":1,"29":1,"30":1,"31":0,"32":0,"33":2,"34":2,"35":4,"36":4,"37":4,"38":1,"39":3,"40":2,"41":1,"42":1,"43":3,"44":2,"45":4,"46":4,"47":4,"48":1,"49":3,"50":0,"51":0,"52":0,"53":0,"54":0,"55":0,"56":2,"57":2,"58":2,"59":0,"60":2,"61":1,"62":1,"63":1,"64":1,"65":1},"f":{"0":10,"1":3,"2":7,"3":1,"4":2,"5":4,"6":3,"7":2,"8":2,"9":4,"10":0,"11":0,"12":2,"13":2},"b":{"0":[0],"1":[6,0],"2":[3],"3":[0],"4":[0,0],"5":[2,2],"6":[3,0],"7":[3,0],"8":[0,0],"9":[0],"10":[1,0]}}
[...]
column":51}},"33":{"start":{"line":66,"column":2},"end":{"line":76,"column":3}},"34":{"start":{"line":67,"column":4},"end":{"line":67,"column":39}},"35":{"start":{"line":68,"column":4},"end":{"line":68,"column":74}},"36":{"start":{"line":69,"column":4},"end":{"line":69,"column":19}},"37":{"start":{"line":71,"column":4},"end":{"line":75,"column":6}},"38":{"start":{"line":87,"column":23},"end":{"line":87,"column":65}},"39":{"start":{"line":88,"column":19},"end":{"line":88,"column":56}},"40":{"start":{"line":90,"column":2},"end":{"line":99,"column":3}},"41":{"start":{"line":91,"column":24},"end":{"line":91,"column":53}},"42":{"start":{"line":92,"column":4},"end":{"line":92,"column":55}},"43":{"start":{"line":93,"column":4},"end":{"line":93,"column":65}},"44":{"start":{"line":95,"column":4},"end":{"line":98,"column":6}},"45":{"start":{"line":109,"column":2},"end":{"line":109,"column":71}},"46":{"start":{"line":111,"column":21},"end":{"line":111,"column":63}},"47":{"start":{"line":112,"column":21},"end":{"line":112,"column":22}},"48":{"start":{"line":114,"column":2},"end":{"line":145,"column":3}},"49":{"start":{"line":115,"column":18},"end":{"line":115,"column":45}},"50":{"start":{"line":117,"column":4},"end":{"line":135,"column":5}},"51":{"start":{"line":118,"column":23},"end":{"line":118,"column":49}},"52":{"start":{"line":120,"column":6},"end":{"line":134,"column":7}},"53":{"start":{"line":121,"column":22},"end":{"line":121,"column":45}},"54":{"start":{"line":124,"column":8},"end":{"line":128,"column":9}},"55":{"start":{"line":125,"column":10},"end":{"line":125,"column":36}},"56":{"start":{"line":126,"column":10},"end":{"line":126,"column":25}},"57":{"start":{"line":127,"column":10},"end":{"line":127,"column":77}},"58":{"start":{"line":130,"column":8},"end":{"line":133,"column":10}},"59":{"start":{"line":137,"column":4},"end":{"line":137,"column":66}},"60":{"start":{"line":138,"column":4},"end":{"line":138,"column":24}},"61":{"start":{"line":140,"column":4},"end":{"line":143,"column":6}},"62":{"start":{"line":144,"column":4},"end":{"line":144,"column":24}},"63":{"start":{"line":152,"column":2},"end":{"line":160,"column":3}},"64":{"start":{"line":153,"column":18},"end":{"line":153,"column":41}},"65":{"start":{"line":154,"column":4},"end":{"line":154,"column":22}},"66":{"start":{"line":156,"column":4},"end":{"line":159,"column":6}},"67":{"start":{"line":167,"column":2},"end":{"line":172,"column":3}},"68":{"start":{"line":168,"column":4},"end":{"line":168,"column":30}},"69":{"start":{"line":169,"column":4},"end":{"line":169,"column":16}},"70":{"start":{"line":171,"column":4},"end":{"line":171,"column":17}},"71":{"start":{"line":179,"column":2},"end":{"line":179,"column":46}},"72":{"start":{"line":189,"column":20},"end":{"line":189,"column":46}},"73":{"start":{"line":190,"column":2},"end":{"line":190,"column":47}}},"fnMap":{"0":{"name":"ensureDirectories","decl":{"start":{"line":11,"column":22},"end":{"line":11,"column":39}},"loc":{"start":{"line":12,"column":23},"end":{"line":27,"column":1}}},"1":{"name":"moveToProcessed","decl":{"start":{"line":32,"column":22},"end":{"line":32,"column":37}},"loc":{"start":{"line":34,"column":22},"end":{"line":52,"column":1}}},"2":{"name":"moveToFailed","decl":{"start":{"line":57,"column":22},"end":{"line":57,"column":34}},"loc":{"start":{"line":59,"column":19},"end":{"line":77,"column":1}}},"3":{"name":"saveTranscriptionJson","decl":{"start":{"line":82,"column":22},"end":{"line":82,"column":43}},"loc":{"start":{"line":85,"column":22},"end":{"line":100,"column":1}}},"4":{"name":"cleanupOldFiles","decl":{"start":{"line":105,"column":22},"end":{"line":105,"column":37}},"loc":{"start":{"line":107,"column":17},"end":{"line":146,"column":1}}},"5":{"name":"getFileSize","decl":{"start":{"line":151,"column":22},"end":{"line":151,"column":33}},"loc":{"start":{"line":151,"column":50},"end":{"line":161,"column":1}}},"6":{"name":"fileExists","decl":{"start":{"line":166,"column":22},"end":{"line":166,"column":32}},"loc":{"start":{"line":166,"column":49},"end":{"line":173,"column":1}}},"7":{"name":"getFileExtension","decl":{"start":{"line":178,"column":16},"end":{"line":178,"column":32}},"loc":{"start":{"line":178,"column":49},"end":{"line":180,"column":1}}},"8":{"name":"isAllowedExtension","decl":{"start":{"line":185,"column":16},"end":{"line":185,"column":34}},"loc":{"start":{"line":187,"column":29},"end":{"line":191,"column":1}}}},"branchMap":{"0":{"loc":{"start":{"line":23,"column":8},"end":{"line":23,"column":65}},"type":"cond-expr","locations":[{"start":{"line":23,"column":33},"end":{"line":23,"column":38}},{"start":{"line":23,"column":41},"end":{"line":23,"column":65}}]},"1":{"loc":{"start":{"line":49,"column":6},"end":{"line":49,"column":63}},"type":"cond-expr","locations":[{"start":{"line":49,"column":31},"end":{"line":49,"column":36}},{"start":{"line":49,"column":39},"end":{"line":49,"column":63}}]},"2":{"loc":{"start":{"line":74,"column":6},"end":{"line":74,"column":63}},"type":"cond-expr","locations":[{"start":{"line":74,"column":31},"end":{"line":74,"column":36}},{"start":{"line":74,"column":39},"end":{"line":74,"column":63}}]},"3":{"loc":{"start":{"line":97,"column":6},"end":{"line":97,"column":63}},"type":"cond-expr","locations":[{"start":{"line":97,"column":31},"end":{"line":97,"column":36}},{"start":{"line":97,"column":39},"end":{"line":97,"column":63}}]},"4":{"loc":{"start":{"line":124,"column":8},"end":{"line":128,"column":9}},"type":"if","locations":[{"start":{"line":124,"column":8},"end":{"line":128,"column":9}}]},"5":{"loc":{"start":{"line":124,"column":12},"end":{"line":124,"column":56}},"type":"binary-expr","locations":[{"start":{"line":124,"column":12},"end":{"line":124,"column":26}},{"start":{"line":124,"column":30},"end":{"line":124,"column":56}}]},"6":{"loc":{"start":{"line":131,"column":35},"end":{"line":131,"column":89}},"type":"cond-expr","locations":[{"start":{"line":131,"column":60},"end":{"line":131,"column":73}},{"start":{"line":131,"column":76},"end":{"line":131,"column":89}}]},"7":{"loc":{"start":{"line":141,"column":26},"end":{"line":141,"column":80}},"type":"cond-expr","locations":[{"start":{"line":141,"column":51},"end":{"line":141,"column":64}},{"start":{"line":141,"column":67},"end":{"line":141,"column":80}}]},"8":{"loc":{"start":{"line":158,"column":6},"end":{"line":158,"column":63}},"type":"cond-expr","locations":[{"start":{"line":158,"column":31},"end":{"line":158,"column":36}},{"start":{"line":158,"column":39},"end":{"line":158,"column":63}}]}},"s":{"0":0,"1":0,"2":0,"3":0,"4":0,"5":0,"6":0,"7":0,"8":0,"9":0,"10":0,"11":0,"12":0,"13":0,"14":0,"15":0,"16":0,"17":0,"18":0,"19":0,"20":0,"21":0,"22":0,"23":0,"24":0,"25":0,"26":0,"27":0,"28":0,"29":0,"30":0,"31":0,"32":0,"33":0,"34":0,"35":0,"36":0,"37":0,"38":0,"39":0,"40":0,"41":0,"42":0,"43":0,"44":0,"45":0,"46":0,"47":0,"48":0,"49":0,"50":0,"51":0,"52":0,"53":0,"54":0,"55":0,"56":0,"57":0,"58":0,"59":0,"60":0,"61":0,"62":0,"63":0,"64":0,"65":0,"66":0,"67":0,"68":0,"69":0,"70":0,"71":0,"72":0,"73":0},"f":{"0":0,"1":0,"2":0,"3":0,"4":0,"5":0,"6":0,"7":0,"8":0},"b":{"0":[0,0],"1":[0,0],"2":[0,0],"3":[0,0],"4":[0],"5":[0,0],"6":[0,0],"7":[0,0],"8":[0,0]}}
,"/Users/dredog/Desktop/NotionSetupguide/five9-enterprise-pipeline/src/utils/logger.ts": {"path":"/Users/dredog/Desktop/NotionSetupguide/five9-enterprise-pipeline/src/utils/logger.ts","statementMap":{"0":{"start":{"line":113,"column":0},"end":{"line":113,"column":16}},"1":{"start":{"line":123,"column":0},"end":{"line":123,"column":16}},"2":{"start":{"line":130,"column":0},"end":{"line":130,"column":16}},"3":{"start":{"line":1,"column":0},"end":{"line":1,"column":24}},"4":{"start":{"line":2,"column":0},"end":{"line":2,"column":38}},"5":{"start":{"line":8,"column":17},"end":{"line":8,"column":28}},"6":{"start":{"line":9,"column":24},"end":{"line":9,"column":52}},"7":{"start":{"line":10,"column":17},"end":{"line":10,"column":38}},"8":{"start":{"line":12,"column":41},"end":{"line":24,"column":4}},"9":{"start":{"line":16,"column":25},"end":{"line":16,"column":41}},"10":{"start":{"line":27,"column":2},"end":{"line":40,"column":3}},"11":{"start":{"line":28,"column":4},"end":{"line":39,"column":7}},"12":{"start":{"line":43,"column":2},"end":{"line":43,"column":26}},"13":{"start":{"line":62,"column":31},"end":{"line":62,"column":54}},"14":{"start":{"line":65,"column":4},"end":{"line":69,"column":5}},"15":{"start":{"line":66,"column":6},"end":{"line":66,"column":32}},"16":{"start":{"line":68,"column":6},"end":{"line":68,"column":37}},"17":{"start":{"line":73,"column":4},"end":{"line":77,"column":5}},"18":{"start":{"line":74,"column":6},"end":{"line":74,"column":32}},"19":{"start":{"line":76,"column":6},"end":{"line":76,"column":37}},"20":{"start":{"line":81,"column":4},"end":{"line":85,"column":5}},"21":{"start":{"line":82,"column":6},"end":{"line":82,"column":33}},"22":{"start":{"line":84,"column":6},"end":{"line":84,"column":38}},"23":{"start":{"line":89,"column":4},"end":{"line":93,"column":5}},"24":{"start":{"line":90,"column":6},"end":{"line":90,"column":33}},"25":{"start":{"line":92,"column":6},"end":{"line":92,"column":38}},"26":{"start":{"line":97,"column":4},"end":{"line":97,"column":62}},"27":{"start":{"line":101,"column":4},"end":{"line":101,"column":31}},"28":{"start":{"line":108,"column":36},"end":{"line":108,"column":40}},"29":{"start":{"line":114,"column":2},"end":{"line":116,"column":3}},"30":{"start":{"line":115,"column":4},"end":{"line":115,"column":55}},"31":{"start":{"line":117,"column":2},"end":{"line":117,"column":24}},"32":{"start":{"line":124,"column":2},"end":{"line":124,"column":42}},"33":{"start":{"line":131,"column":2},"end":{"line":131,"column":24}},"34":{"start":{"line":137,"column":13},"end":{"line":137,"column":34}}},"fnMap":{"0":{"name":"createLogger","decl":{"start":{"line":7,"column":9},"end":{"line":7,"column":21}},"loc":{"start":{"line":7,"column":21},"end":{"line":44,"column":1}}},"1":{"name":"(anonymous_2)","decl":{"start":{"line":16,"column":13},"end":{"line":16,"column":14}},"loc":{"start":{"line":16,"column":25},"end":{"line":16,"column":41}}},"2":{"name":"(anonymous_3)","decl":{"start":{"line":62,"column":2},"end":{"line":62,"column":31}},"loc":{"start":{"line":62,"column":54},"end":{"line":62,"column":58}}},"3":{"name":"(anonymous_4)","decl":{"start":{"line":64,"column":2},"end":{"line":64,"column":6}},"loc":{"start":{"line":64,"column":41},"end":{"line":70,"column":3}}},"4":{"name":"(anonymous_5)","decl":{"start":{"line":72,"column":2},"end":{"line":72,"column":6}},"loc":{"start":{"line":72,"column":41},"end":{"line":78,"column":3}}},"5":{"name":"(anonymous_6)","decl":{"start":{"line":80,"column":2},"end":{"line":80,"column":7}},"loc":{"start":{"line":80,"column":42},"end":{"line":86,"column":3}}},"6":{"name":"(anonymous_7)","decl":{"start":{"line":88,"column":2},"end":{"line":88,"column":7}},"loc":{"start":{"line":88,"column":42},"end":{"line":94,"column":3}}},"7":{"name":"(anonymous_8)","decl":{"start":{"line":96,"column":2},"end":{"line":96,"column":7}},"loc":{"start":{"line":96,"column":31},"end":{"line":98,"column":3}}},"8":{"name":"(anonymous_9)","decl":{"start":{"line":100,"column":2},"end":{"line":100,"column":13}},"loc":{"start":{"line":100,"column":46},"end":{"line":102,"column":3}}},"9":{"name":"getLogger","decl":{"start":{"line":113,"column":16},"end":{"line":113,"column":25}},"loc":{"start":{"line":113,"column":25},"end":{"line":118,"column":1}}},"10":{"name":"createChildLogger","decl":{"start":{"line":123,"column":16},"end":{"line":123,"column":33}},"loc":{"start":{"line":123,"column":66},"end":{"line":125,"column":1}}},"11":{"name":"resetLogger","decl":{"start":{"line":130,"column":16},"end":{"line":130,"column":27}},"loc":{"start":{"line":130,"column":27},"end":{"line":132,"column":1}}}},"branchMap":{"0":{"loc":{"start":{"line":14,"column":11},"end":{"line":14,"column":62}},"type":"cond-expr","locations":[{"start":{"line":14,"column":20},"end":{"line":14,"column":28}},{"start":{"line":14,"column":31},"end":{"line":14,"column":62}}]},"1":{"loc":{"start":{"line":14,"column":31},"end":{"line":14,"column":62}},"type":"binary-expr","locations":[{"start":{"line":14,"column":31},"end":{"line":14,"column":52}},{"start":{"line":14,"column":56},"end":{"line":14,"column":62}}]},"2":{"loc":{"start":{"line":22,"column":15},"end":{"line":22,"column":57}},"type":"binary-expr","locations":[{"start":{"line":22,"column":15},"end":{"line":22,"column":46}},{"start":{"line":22,"column":50},"end":{"line":22,"column":57}}]},"3":{"loc":{"start":{"line":27,"column":2},"end":{"line":40,"column":3}},"type":"if","locations":[{"start":{"line":27,"column":2},"end":{"line":40,"column":3}}]},"4":{"loc":{"start":{"line":65,"column":4},"end":{"line":69,"column":5}},"type":"if","locations":[{"start":{"line":65,"column":4},"end":{"line":69,"column":5}},{"start":{"line":67,"column":11},"end":{"line":69,"column":5}}]},"5":{"loc":{"start":{"line":73,"column":4},"end":{"line":77,"column":5}},"type":"if","locations":[{"start":{"line":73,"column":4},"end":{"line":77,"column":5}},{"start":{"line":75,"column":11},"end":{"line":77,"column":5}}]},"6":{"loc":{"start":{"line":81,"column":4},"end":{"line":85,"column":5}},"type":"if","locations":[{"start":{"line":81,"column":4},"end":{"line":85,"column":5}},{"start":{"line":83,"column":11},"end":{"line":85,"column":5}}]},"7":{"loc":{"start":{"line":89,"column":4},"end":{"line":93,"column":5}},"type":"if","locations":[{"start":{"line":89,"column":4},"end":{"line":93,"column":5}},{"start":{"line":91,"column":11},"end":{"line":93,"column":5}}]},"8":{"loc":{"start":{"line":114,"column":2},"end":{"line":116,"column":3}},"type":"if","locations":[{"start":{"line":114,"column":2},"end":{"line":116,"column":3}}]}},"s":{"0":2,"1":2,"2":2,"3":2,"4":2,"5":2,"6":2,"7":2,"8":2,"9":12,"10":2,"11":0,"12":2,"13":2,"14":12,"15":3,"16":9,"17":21,"18":0,"19":21,"20":0,"21":0,"22":0,"23":9,"24":0,"25":9,"26":0,"27":0,"28":2,"29":5,"30":2,"31":5,"32":0,"33":0,"34":2},"f":{"0":2,"1":12,"2":2,"3":12,"4":21,"5":0,"6":9,"7":0,"8":0,"9":5,"10":0,"11":0},"b":{"0":[2,0],"1":[0,0],"2":[2,0],"3":[0],"4":[3,9],"5":[0,21],"6":[0,0],"7":[0,9],"8":[2]}}
,"/Users/dredog/Desktop/NotionSetupguide/five9-enterprise-pipeline/src/utils/retry.ts": {"path":"/Users/dredog/Desktop/NotionSetupguide/five9-enterprise-pipeline/src/utils/retry.ts","statementMap":{"0":{"start":{"line":16,"column":0},"end":{"line":16,"column":7}},"1":{"start":{"line":87,"column":0},"end":{"line":87,"column":16}},"2":{"start":{"line":1,"column":0},"end":{"line":1,"column":37}},"3":{"start":{"line":2,"column":0},"end":{"line":2,"column":37}},"4":{"start":{"line":4,"column":15},"end":{"line":4,"column":26}},"5":{"start":{"line":21,"column":70},"end":{"line":21,"column":77}},"6":{"start":{"line":24,"column":2},"end":{"line":78,"column":3}},"7":{"start":{"line":24,"column":21},"end":{"line":24,"column":22}},"8":{"start":{"line":25,"column":4},"end":{"line":77,"column":5}},"9":{"start":{"line":26,"column":6},"end":{"line":26,"column":24}},"10":{"start":{"line":28,"column":6},"end":{"line":28,"column":76}},"11":{"start":{"line":31,"column":6},"end":{"line":41,"column":7}},"12":{"start":{"line":32,"column":8},"end":{"line":39,"column":10}},"13":{"start":{"line":40,"column":8},"end":{"line":40,"column":24}},"14":{"start":{"line":44,"column":6},"end":{"line":54,"column":7}},"15":{"start":{"line":45,"column":8},"end":{"line":52,"column":10}},"16":{"start":{"line":53,"column":8},"end":{"line":53,"column":24}},"17":{"start":{"line":57,"column":20},"end":{"line":57,"column":81}},"18":{"start":{"line":59,"column":6},"end":{"line":68,"column":8}},"19":{"start":{"line":71,"column":6},"end":{"line":73,"column":7}},"20":{"start":{"line":72,"column":8},"end":{"line":72,"column":40}},"21":{"start":{"line":76,"column":6},"end":{"line":76,"column":25}},"22":{"start":{"line":81,"column":2},"end":{"line":81,"column":19}},"23":{"start":{"line":88,"column":2},"end":{"line":88,"column":59}},"24":{"start":{"line":88,"column":34},"end":{"line":88,"column":57}},"25":{"start":{"line":95,"column":42},"end":{"line":99,"column":4}},"26":{"start":{"line":102,"column":4},"end":{"line":102,"column":40}},"27":{"start":{"line":103,"column":4},"end":{"line":103,"column":16}},"28":{"start":{"line":107,"column":4},"end":{"line":107,"column":34}},"29":{"start":{"line":108,"column":4},"end":{"line":108,"column":16}},"30":{"start":{"line":112,"column":4},"end":{"line":112,"column":45}},"31":{"start":{"line":113,"column":4},"end":{"line":113,"column":16}},"32":{"start":{"line":117,"column":4},"end":{"line":117,"column":35}},"33":{"start":{"line":118,"column":4},"end":{"line":118,"column":16}},"34":{"start":{"line":122,"column":4},"end":{"line":127,"column":6}},"35":{"start":{"line":94,"column":0},"end":{"line":94,"column":13}}},"fnMap":{"0":{"name":"retryWithBackoff","decl":{"start":{"line":16,"column":22},"end":{"line":16,"column":38}},"loc":{"start":{"line":19,"column":18},"end":{"line":82,"column":1}}},"1":{"name":"sleep","decl":{"start":{"line":87,"column":16},"end":{"line":87,"column":21}},"loc":{"start":{"line":87,"column":32},"end":{"line":89,"column":1}}},"2":{"name":"(anonymous_2)","decl":{"start":{"line":88,"column":21},"end":{"line":88,"column":22}},"loc":{"start":{"line":88,"column":34},"end":{"line":88,"column":57}}},"3":{"name":"(anonymous_3)","decl":{"start":{"line":101,"column":2},"end":{"line":101,"column":16}},"loc":{"start":{"line":101,"column":35},"end":{"line":104,"column":3}}},"4":{"name":"(anonymous_4)","decl":{"start":{"line":106,"column":2},"end":{"line":106,"column":11}},"loc":{"start":{"line":106,"column":27},"end":{"line":109,"column":3}}},"5":{"name":"(anonymous_5)","decl":{"start":{"line":111,"column":2},"end":{"line":111,"column":24}},"loc":{"start":{"line":111,"column":41},"end":{"line":114,"column":3}}},"6":{"name":"(anonymous_6)","decl":{"start":{"line":116,"column":2},"end":{"line":116,"column":19}},"loc":{"start":{"line":116,"column":69},"end":{"line":119,"column":3}}},"7":{"name":"(anonymous_7)","decl":{"start":{"line":121,"column":2},"end":{"line":121,"column":7}},"loc":{"start":{"line":121,"column":7},"end":{"line":128,"column":3}}}},"branchMap":{"0":{"loc":{"start":{"line":21,"column":31},"end":{"line":21,"column":56}},"type":"default-arg","locations":[{"start":{"line":21,"column":52},"end":{"line":21,"column":56}}]},"1":{"loc":{"start":{"line":28,"column":18},"end":{"line":28,"column":75}},"type":"cond-expr","locations":[{"start":{"line":28,"column":43},"end":{"line":28,"column":48}},{"start":{"line":28,"column":51},"end":{"line":28,"column":75}}]},"2":{"loc":{"start":{"line":31,"column":6},"end":{"line":41,"column":7}},"type":"if","locations":[{"start":{"line":31,"column":6},"end":{"line":41,"column":7}}]},"3":{"loc":{"start":{"line":31,"column":10},"end":{"line":31,"column":58}},"type":"binary-expr","locations":[{"start":{"line":31,"column":10},"end":{"line":31,"column":36}},{"start":{"line":31,"column":40},"end":{"line":31,"column":58}}]},"4":{"loc":{"start":{"line":44,"column":6},"end":{"line":54,"column":7}},"type":"if","locations":[{"start":{"line":44,"column":6},"end":{"line":54,"column":7}}]},"5":{"loc":{"start":{"line":57,"column":20},"end":{"line":57,"column":81}},"type":"cond-expr","locations":[{"start":{"line":57,"column":41},"end":{"line":57,"column":71}},{"start":{"line":57,"column":74},"end":{"line":57,"column":81}}]},"6":{"loc":{"start":{"line":71,"column":6},"end":{"line":73,"column":7}},"type":"if","locations":[{"start":{"line":71,"column":6},"end":{"line":73,"column":7}}]}},"s":{"0":2,"1":2,"2":2,"3":2,"4":2,"5":13,"6":13,"7":13,"8":28,"9":28,"10":21,"11":21,"12":1,"13":1,"14":20,"15":5,"16":5,"17":15,"18":15,"19":15,"20":1,"21":15,"22":0,"23":16,"24":16,"25":0,"26":0,"27":0,"28":0,"29":0,"30":0,"31":0,"32":0,"33":0,"34":0,"35":2},"f":{"0":13,"1":16,"2":16,"3":0,"4":0,"5":0,"6":0,"7":0},"b":{"0":[12],"1":[21,0],"2":[1],"3":[21,13],"4":[5],"5":[15,0],"6":[1]}}
}
