TN:
SF:src/index.ts
FN:14,(anonymous_0)
FN:19,(anonymous_1)
FN:32,(anonymous_2)
FN:132,(anonymous_3)
FN:159,(anonymous_4)
FN:162,(anonymous_5)
FN:163,(anonymous_6)
FN:174,(anonymous_7)
FNF:8
FNH:0
FNDA:0,(anonymous_0)
FNDA:0,(anonymous_1)
FNDA:0,(anonymous_2)
FNDA:0,(anonymous_3)
FNDA:0,(anonymous_4)
FNDA:0,(anonymous_5)
FNDA:0,(anonymous_6)
FNDA:0,(anonymous_7)
DA:1,0
DA:2,0
DA:3,0
DA:4,0
DA:5,0
DA:6,0
DA:7,0
DA:8,0
DA:9,0
DA:10,0
DA:11,0
DA:14,0
DA:15,0
DA:16,0
DA:19,0
DA:20,0
DA:21,0
DA:30,0
DA:33,0
DA:35,0
DA:37,0
DA:40,0
DA:41,0
DA:44,0
DA:45,0
DA:48,0
DA:53,0
DA:62,0
DA:67,0
DA:70,0
DA:79,0
DA:82,0
DA:83,0
DA:89,0
DA:94,0
DA:98,0
DA:99,0
DA:100,0
DA:104,0
DA:111,0
DA:114,0
DA:117,0
DA:118,0
DA:120,0
DA:121,0
DA:123,0
DA:125,0
DA:133,0
DA:134,0
DA:136,0
DA:153,0
DA:160,0
DA:162,0
DA:163,0
DA:164,0
DA:165,0
DA:166,0
DA:175,0
DA:176,0
DA:179,0
DA:180,0
DA:182,0
DA:183,0
DA:186,0
DA:187,0
DA:191,0
DA:192,0
DA:196,0
DA:197,0
DA:199,0
DA:201,0
DA:206,0
DA:212,0
DA:213,0
LF:74
LH:0
BRDA:82,0,0,0
BRDA:98,1,0,0
BRDA:121,2,0,0
BRDA:121,2,1,0
BRDA:134,3,0,0
BRDA:134,3,1,0
BRDA:147,4,0,0
BRDA:147,4,1,0
BRDA:175,5,0,0
BRDA:186,6,0,0
BRDA:191,7,0,0
BRDA:202,8,0,0
BRDA:202,8,1,0
BRF:13
BRH:0
end_of_record
TN:
SF:src/server.ts
FN:14,(anonymous_0)
FN:22,(anonymous_1)
FN:23,(anonymous_2)
FN:25,(anonymous_3)
FN:29,(anonymous_4)
FN:44,(anonymous_5)
FN:49,(anonymous_6)
FN:50,(anonymous_7)
FN:64,(anonymous_8)
FN:97,(anonymous_9)
FN:109,(anonymous_10)
FN:125,(anonymous_11)
FN:136,(anonymous_12)
FN:144,(anonymous_13)
FNF:14
FNH:0
FNDA:0,(anonymous_0)
FNDA:0,(anonymous_1)
FNDA:0,(anonymous_2)
FNDA:0,(anonymous_3)
FNDA:0,(anonymous_4)
FNDA:0,(anonymous_5)
FNDA:0,(anonymous_6)
FNDA:0,(anonymous_7)
FNDA:0,(anonymous_8)
FNDA:0,(anonymous_9)
FNDA:0,(anonymous_10)
FNDA:0,(anonymous_11)
FNDA:0,(anonymous_12)
FNDA:0,(anonymous_13)
DA:1,0
DA:2,0
DA:3,0
DA:4,0
DA:6,0
DA:11,0
DA:15,0
DA:16,0
DA:23,0
DA:24,0
DA:25,0
DA:26,0
DA:29,0
DA:30,0
DA:31,0
DA:34,0
DA:36,0
DA:45,0
DA:46,0
DA:49,0
DA:50,0
DA:51,0
DA:52,0
DA:54,0
DA:55,0
DA:65,0
DA:67,0
DA:68,0
DA:70,0
DA:71,0
DA:74,0
DA:75,0
DA:78,0
DA:79,0
DA:82,0
DA:83,0
DA:86,0
DA:90,0
DA:98,0
DA:100,0
DA:102,0
DA:103,0
DA:110,0
DA:112,0
DA:113,0
DA:118,0
DA:119,0
DA:126,0
DA:127,0
DA:129,0
DA:130,0
DA:137,0
DA:138,0
DA:145,0
DA:146,0
LF:55
LH:0
BRDA:45,0,0,0
BRDA:51,1,0,0
BRDA:51,1,1,0
BRDA:65,2,0,0
BRDA:65,2,1,0
BRDA:68,3,0,0
BRDA:68,3,1,0
BRDA:68,3,2,0
BRDA:68,3,3,0
BRDA:87,4,0,0
BRDA:87,4,1,0
BRDA:100,5,0,0
BRDA:100,5,1,0
BRDA:112,6,0,0
BRDA:112,6,1,0
BRF:15
BRH:0
end_of_record
TN:
SF:src/config/index.ts
FN:12,(anonymous_4)
FN:24,parseConfig
FN:74,(anonymous_6)
FN:82,(anonymous_7)
FN:96,sanitizeConfig
FN:134,getConfig
FN:144,resetConfig
FNF:7
FNH:2
FNDA:0,(anonymous_4)
FNDA:2,parseConfig
FNDA:0,(anonymous_6)
FNDA:0,(anonymous_7)
FNDA:0,sanitizeConfig
FNDA:2,getConfig
FNDA:0,resetConfig
DA:1,2
DA:2,2
DA:3,2
DA:6,2
DA:11,2
DA:14,0
DA:16,0
DA:17,0
DA:25,2
DA:70,2
DA:71,2
DA:73,0
DA:74,0
DA:79,0
DA:82,0
DA:87,0
DA:89,0
DA:96,2
DA:97,0
DA:128,2
DA:134,2
DA:135,2
DA:136,2
DA:138,2
DA:144,2
DA:145,0
DA:149,2
LF:27
LH:16
BRDA:73,0,0,0
BRDA:120,1,0,0
BRDA:120,1,1,0
BRDA:135,2,0,2
BRF:4
BRH:1
end_of_record
TN:
SF:src/config/schema.ts
FN:55,(anonymous_0)
FN:55,(anonymous_1)
FN:74,(anonymous_2)
FNF:3
FNH:3
FNDA:2,(anonymous_0)
FNDA:8,(anonymous_1)
FNDA:2,(anonymous_2)
DA:1,2
DA:6,2
DA:13,2
DA:24,2
DA:32,2
DA:40,2
DA:49,2
DA:55,8
DA:62,2
DA:70,2
DA:74,2
DA:81,2
DA:89,2
DA:96,2
LF:14
LH:14
BRF:0
BRH:0
end_of_record
TN:
SF:src/monitoring/health.ts
FN:11,(anonymous_0)
FN:46,(anonymous_1)
FN:57,(anonymous_2)
FN:91,(anonymous_3)
FN:117,(anonymous_4)
FN:143,(anonymous_5)
FN:169,(anonymous_6)
FN:170,(anonymous_7)
FN:174,(anonymous_8)
FN:184,(anonymous_9)
FN:192,(anonymous_10)
FNF:11
FNH:0
FNDA:0,(anonymous_0)
FNDA:0,(anonymous_1)
FNDA:0,(anonymous_2)
FNDA:0,(anonymous_3)
FNDA:0,(anonymous_4)
FNDA:0,(anonymous_5)
FNDA:0,(anonymous_6)
FNDA:0,(anonymous_7)
FNDA:0,(anonymous_8)
FNDA:0,(anonymous_9)
FNDA:0,(anonymous_10)
DA:1,0
DA:6,0
DA:11,0
DA:12,0
DA:13,0
DA:14,0
DA:43,0
DA:47,0
DA:48,0
DA:49,0
DA:51,0
DA:58,0
DA:60,0
DA:66,0
DA:72,0
DA:83,0
DA:85,0
DA:92,0
DA:93,0
DA:95,0
DA:101,0
DA:106,0
DA:118,0
DA:119,0
DA:121,0
DA:127,0
DA:132,0
DA:144,0
DA:145,0
DA:147,0
DA:153,0
DA:158,0
DA:170,0
DA:171,0
DA:174,0
DA:175,0
DA:178,0
DA:185,0
DA:186,0
DA:193,0
LF:40
LH:0
BRDA:11,0,0,0
BRDA:11,0,1,0
BRDA:96,1,0,0
BRDA:96,1,1,0
BRDA:97,2,0,0
BRDA:97,2,1,0
BRDA:102,3,0,0
BRDA:102,3,1,0
BRDA:108,4,0,0
BRDA:108,4,1,0
BRDA:122,5,0,0
BRDA:122,5,1,0
BRDA:123,6,0,0
BRDA:123,6,1,0
BRDA:128,7,0,0
BRDA:128,7,1,0
BRDA:134,8,0,0
BRDA:134,8,1,0
BRDA:148,9,0,0
BRDA:148,9,1,0
BRDA:149,10,0,0
BRDA:149,10,1,0
BRDA:154,11,0,0
BRDA:154,11,1,0
BRDA:160,12,0,0
BRDA:160,12,1,0
BRDA:170,13,0,0
BRDA:174,14,0,0
BRDA:186,15,0,0
BRDA:186,15,1,0
BRF:30
BRH:0
end_of_record
TN:
SF:src/monitoring/metrics.ts
FN:23,(anonymous_0)
FN:72,(anonymous_1)
FN:79,(anonymous_2)
FN:86,(anonymous_3)
FN:93,(anonymous_4)
FN:100,(anonymous_5)
FN:107,(anonymous_6)
FN:114,(anonymous_7)
FN:121,(anonymous_8)
FN:128,(anonymous_9)
FN:139,getMetricsCollector
FN:149,resetMetricsCollector
FNF:12
FNH:0
FNDA:0,(anonymous_0)
FNDA:0,(anonymous_1)
FNDA:0,(anonymous_2)
FNDA:0,(anonymous_3)
FNDA:0,(anonymous_4)
FNDA:0,(anonymous_5)
FNDA:0,(anonymous_6)
FNDA:0,(anonymous_7)
FNDA:0,(anonymous_8)
FNDA:0,(anonymous_9)
FNDA:0,getMetricsCollector
FNDA:0,resetMetricsCollector
DA:1,0
DA:2,0
DA:4,0
DA:9,0
DA:24,0
DA:27,0
DA:33,0
DA:40,0
DA:47,0
DA:54,0
DA:60,0
DA:66,0
DA:73,0
DA:80,0
DA:87,0
DA:94,0
DA:101,0
DA:108,0
DA:115,0
DA:122,0
DA:129,0
DA:134,0
DA:139,0
DA:140,0
DA:141,0
DA:143,0
DA:149,0
DA:150,0
LF:28
LH:0
BRDA:29,0,0,0
BRDA:29,0,1,0
BRDA:108,1,0,0
BRDA:108,1,1,0
BRDA:140,2,0,0
BRF:5
BRH:0
end_of_record
TN:
SF:src/pipeline/orchestrator.ts
FN:52,(anonymous_1)
FN:63,(anonymous_2)
FN:160,(anonymous_3)
FN:188,(anonymous_4)
FN:197,(anonymous_5)
FN:207,(anonymous_6)
FN:287,(anonymous_7)
FN:298,(anonymous_8)
FNF:8
FNH:0
FNDA:0,(anonymous_1)
FNDA:0,(anonymous_2)
FNDA:0,(anonymous_3)
FNDA:0,(anonymous_4)
FNDA:0,(anonymous_5)
FNDA:0,(anonymous_6)
FNDA:0,(anonymous_7)
FNDA:0,(anonymous_8)
DA:1,0
DA:3,0
DA:8,0
DA:14,0
DA:15,0
DA:17,0
DA:44,0
DA:45,0
DA:53,0
DA:54,0
DA:55,0
DA:56,0
DA:57,0
DA:64,0
DA:65,0
DA:66,0
DA:69,0
DA:70,0
DA:71,0
DA:72,0
DA:74,0
DA:76,0
DA:77,0
DA:80,0
DA:87,0
DA:90,0
DA:93,0
DA:96,0
DA:98,0
DA:99,0
DA:100,0
DA:103,0
DA:106,0
DA:108,0
DA:109,0
DA:111,0
DA:116,0
DA:119,0
DA:120,0
DA:124,0
DA:125,0
DA:127,0
DA:135,0
DA:138,0
DA:140,0
DA:141,0
DA:144,0
DA:149,0
DA:152,0
DA:153,0
DA:161,0
DA:162,0
DA:163,0
DA:166,0
DA:167,0
DA:170,0
DA:171,0
DA:173,0
DA:174,0
DA:177,0
DA:178,0
DA:179,0
DA:182,0
DA:189,0
DA:190,0
DA:193,0
DA:194,0
DA:196,0
DA:197,0
DA:198,0
DA:201,0
DA:208,0
DA:209,0
DA:211,0
DA:212,0
DA:215,0
DA:216,0
DA:219,0
DA:222,0
DA:231,0
DA:243,0
DA:245,0
DA:247,0
DA:248,0
DA:250,0
DA:257,0
DA:258,0
DA:260,0
DA:263,0
DA:264,0
DA:265,0
DA:267,0
DA:273,0
DA:275,0
DA:288,0
DA:289,0
DA:290,0
DA:292,0
DA:299,0
LF:99
LH:0
BRDA:64,0,0,0
BRDA:98,1,0,0
BRDA:109,2,0,0
BRDA:119,3,0,0
BRDA:119,4,0,0
BRDA:119,4,1,0
BRDA:132,5,0,0
BRDA:132,5,1,0
BRDA:140,6,0,0
BRDA:140,6,1,0
BRDA:161,7,0,0
BRDA:173,8,0,0
BRDA:173,8,1,0
BRDA:177,9,0,0
BRDA:194,10,0,0
BRDA:257,11,0,0
BRDA:257,11,1,0
BRDA:268,12,0,0
BRDA:268,12,1,0
BRF:19
BRH:0
end_of_record
TN:
SF:src/services/notification.service.ts
FN:31,(anonymous_0)
FN:43,(anonymous_1)
FN:100,(anonymous_2)
FN:146,(anonymous_3)
FN:208,(anonymous_4)
FN:258,(anonymous_5)
FNF:6
FNH:0
FNDA:0,(anonymous_0)
FNDA:0,(anonymous_1)
FNDA:0,(anonymous_2)
FNDA:0,(anonymous_3)
FNDA:0,(anonymous_4)
FNDA:0,(anonymous_5)
DA:2,0
DA:3,0
DA:5,0
DA:28,0
DA:31,0
DA:32,0
DA:33,0
DA:34,0
DA:36,0
DA:44,0
DA:46,0
DA:94,0
DA:101,0
DA:103,0
DA:140,0
DA:147,0
DA:150,0
DA:152,0
DA:202,0
DA:209,0
DA:210,0
DA:211,0
DA:219,0
DA:220,0
DA:221,0
DA:224,0
DA:233,0
DA:234,0
DA:237,0
DA:245,0
DA:246,0
DA:252,0
DA:259,0
DA:260,0
DA:261,0
DA:263,0
DA:264,0
DA:265,0
DA:266,0
DA:268,0
LF:40
LH:0
BRDA:33,0,0,0
BRDA:33,0,1,0
BRDA:44,1,0,0
BRDA:101,2,0,0
BRDA:147,3,0,0
BRDA:150,4,0,0
BRDA:150,4,1,0
BRDA:208,5,0,0
BRDA:219,6,0,0
BRDA:233,7,0,0
BRDA:239,8,0,0
BRDA:239,8,1,0
BRDA:245,9,0,0
BRDA:263,10,0,0
BRDA:263,10,1,0
BRDA:265,11,0,0
BRDA:265,11,1,0
BRF:17
BRH:0
end_of_record
TN:
SF:src/services/notion.service.ts
FN:33,(anonymous_0)
FN:45,(anonymous_1)
FN:49,(anonymous_2)
FN:61,(anonymous_3)
FN:87,(anonymous_4)
FN:102,(anonymous_5)
FN:204,(anonymous_6)
FN:248,(anonymous_7)
FNF:8
FNH:0
FNDA:0,(anonymous_0)
FNDA:0,(anonymous_1)
FNDA:0,(anonymous_2)
FNDA:0,(anonymous_3)
FNDA:0,(anonymous_4)
FNDA:0,(anonymous_5)
FNDA:0,(anonymous_6)
FNDA:0,(anonymous_7)
DA:1,0
DA:3,0
DA:4,0
DA:5,0
DA:9,0
DA:29,0
DA:31,0
DA:34,0
DA:35,0
DA:37,0
DA:46,0
DA:48,0
DA:50,0
DA:52,0
DA:56,0
DA:61,0
DA:70,0
DA:72,0
DA:73,0
DA:76,0
DA:92,0
DA:93,0
DA:94,0
DA:101,0
DA:103,0
DA:104,0
DA:108,0
DA:112,0
DA:162,0
DA:164,0
DA:169,0
DA:178,0
DA:180,0
DA:183,0
DA:184,0
DA:188,0
DA:189,0
DA:190,0
DA:193,0
DA:205,0
DA:206,0
DA:208,0
DA:213,0
DA:215,0
DA:216,0
DA:217,0
DA:218,0
DA:224,0
DA:225,0
DA:226,0
DA:232,0
DA:233,0
DA:235,0
DA:237,0
DA:241,0
DA:249,0
DA:250,0
DA:253,0
DA:255,0
DA:259,0
LF:60
LH:0
BRDA:60,0,0,0
BRDA:60,0,1,0
BRDA:60,1,0,0
BRDA:60,1,1,0
BRDA:61,2,0,0
BRDA:61,2,1,0
BRDA:70,3,0,0
BRDA:70,3,1,0
BRDA:72,4,0,0
BRDA:72,5,0,0
BRDA:72,5,1,0
BRDA:92,6,0,0
BRDA:108,7,0,0
BRDA:108,7,1,0
BRDA:143,8,0,0
BRDA:143,8,1,0
BRDA:166,9,0,0
BRDA:166,9,1,0
BRDA:180,10,0,0
BRDA:180,10,1,0
BRDA:183,11,0,0
BRDA:183,12,0,0
BRDA:183,12,1,0
BRDA:189,13,0,0
BRDA:216,14,0,0
BRDA:216,15,0,0
BRDA:216,15,1,0
BRDA:218,16,0,0
BRDA:219,17,0,0
BRDA:219,17,1,0
BRDA:219,17,2,0
BRDA:219,17,3,0
BRDA:225,18,0,0
BRDA:225,19,0,0
BRDA:225,19,1,0
BRDA:238,20,0,0
BRDA:238,20,1,0
BRDA:256,21,0,0
BRDA:256,21,1,0
BRF:39
BRH:0
end_of_record
TN:
SF:src/services/sftp.service.ts
FN:26,(anonymous_1)
FN:36,(anonymous_2)
FN:43,(anonymous_3)
FN:81,(anonymous_4)
FN:104,(anonymous_5)
FN:108,(anonymous_6)
FN:115,(anonymous_7)
FN:116,(anonymous_8)
FN:141,(anonymous_9)
FN:143,(anonymous_10)
FN:168,(anonymous_11)
FN:170,(anonymous_12)
FN:192,(anonymous_13)
FN:199,(anonymous_14)
FNF:14
FNH:12
FNDA:10,(anonymous_1)
FNDA:3,(anonymous_2)
FNDA:7,(anonymous_3)
FNDA:1,(anonymous_4)
FNDA:2,(anonymous_5)
FNDA:4,(anonymous_6)
FNDA:3,(anonymous_7)
FNDA:2,(anonymous_8)
FNDA:2,(anonymous_9)
FNDA:4,(anonymous_10)
FNDA:0,(anonymous_11)
FNDA:0,(anonymous_12)
FNDA:2,(anonymous_13)
FNDA:2,(anonymous_14)
DA:1,1
DA:3,1
DA:4,1
DA:5,1
DA:7,1
DA:22,1
DA:24,10
DA:27,10
DA:28,10
DA:30,10
DA:37,3
DA:38,0
DA:39,0
DA:42,3
DA:44,7
DA:45,7
DA:50,7
DA:59,1
DA:60,1
DA:62,6
DA:63,6
DA:66,6
DA:67,3
DA:70,3
DA:82,1
DA:83,0
DA:84,0
DA:87,1
DA:88,1
DA:89,1
DA:90,1
DA:91,1
DA:93,0
DA:97,0
DA:105,2
DA:107,2
DA:109,4
DA:110,4
DA:112,4
DA:114,1
DA:115,3
DA:116,2
DA:123,1
DA:125,1
DA:127,3
DA:142,2
DA:144,4
DA:145,4
DA:147,4
DA:152,1
DA:154,3
DA:169,0
DA:171,0
DA:172,0
DA:174,0
DA:176,0
DA:178,0
DA:193,2
DA:200,2
DA:201,2
DA:202,0
DA:206,2
DA:207,1
DA:209,1
DA:213,1
DA:214,1
LF:66
LH:53
BRDA:37,0,0,0
BRDA:63,1,0,6
BRDA:63,1,1,0
BRDA:66,2,0,3
BRDA:82,3,0,0
BRDA:94,4,0,0
BRDA:94,4,1,0
BRDA:105,5,0,2
BRDA:105,5,1,2
BRDA:129,6,0,3
BRDA:129,6,1,0
BRDA:156,7,0,3
BRDA:156,7,1,0
BRDA:180,8,0,0
BRDA:180,8,1,0
BRDA:201,9,0,0
BRDA:210,10,0,1
BRDA:210,10,1,0
BRF:18
BRH:7
end_of_record
TN:
SF:src/services/transcription.service.ts
FN:37,(anonymous_1)
FN:50,(anonymous_2)
FN:55,(anonymous_3)
FN:78,(anonymous_4)
FN:131,(anonymous_5)
FN:163,(anonymous_6)
FNF:6
FNH:0
FNDA:0,(anonymous_1)
FNDA:0,(anonymous_2)
FNDA:0,(anonymous_3)
FNDA:0,(anonymous_4)
FNDA:0,(anonymous_5)
FNDA:0,(anonymous_6)
DA:1,0
DA:2,0
DA:4,0
DA:5,0
DA:6,0
DA:7,0
DA:9,0
DA:34,0
DA:38,0
DA:39,0
DA:40,0
DA:42,0
DA:52,0
DA:54,0
DA:56,0
DA:57,0
DA:59,0
DA:62,0
DA:65,0
DA:72,0
DA:75,0
DA:76,0
DA:77,0
DA:78,0
DA:87,0
DA:94,0
DA:105,0
DA:107,0
DA:110,0
DA:111,0
DA:115,0
DA:116,0
DA:117,0
DA:120,0
DA:132,0
DA:135,0
DA:136,0
DA:137,0
DA:141,0
DA:142,0
DA:143,0
DA:150,0
DA:164,0
DA:166,0
DA:167,0
DA:169,0
DA:173,0
LF:47
LH:0
BRDA:76,0,0,0
BRDA:76,1,0,0
BRDA:76,1,1,0
BRDA:79,2,0,0
BRDA:79,2,1,0
BRDA:80,3,0,0
BRDA:80,3,1,0
BRDA:81,4,0,0
BRDA:81,4,1,0
BRDA:82,5,0,0
BRDA:82,5,1,0
BRDA:90,6,0,0
BRDA:90,6,1,0
BRDA:107,7,0,0
BRDA:107,7,1,0
BRDA:110,8,0,0
BRDA:110,9,0,0
BRDA:110,9,1,0
BRDA:116,10,0,0
BRDA:136,11,0,0
BRDA:142,12,0,0
BRDA:170,13,0,0
BRDA:170,13,1,0
BRF:23
BRH:0
end_of_record
TN:
SF:src/utils/errors.ts
FN:5,(anonymous_0)
FN:19,(anonymous_1)
FN:35,(anonymous_2)
FN:39,(anonymous_3)
FN:46,(anonymous_4)
FN:53,(anonymous_5)
FN:60,(anonymous_6)
FN:67,(anonymous_7)
FN:78,(anonymous_8)
FN:87,(anonymous_9)
FN:95,(anonymous_10)
FN:102,(anonymous_11)
FN:116,(anonymous_12)
FN:122,(anonymous_13)
FN:138,(anonymous_14)
FN:147,(anonymous_15)
FN:161,(anonymous_16)
FN:167,(anonymous_17)
FN:174,(anonymous_18)
FN:185,(anonymous_19)
FN:202,(anonymous_20)
FN:206,(anonymous_21)
FN:212,(anonymous_22)
FN:218,(anonymous_23)
FN:235,(anonymous_24)
FN:239,(anonymous_25)
FN:246,(anonymous_26)
FN:254,(anonymous_27)
FN:261,(anonymous_28)
FN:268,(anonymous_29)
FN:280,(anonymous_30)
FN:289,(anonymous_31)
FN:301,(anonymous_32)
FN:312,(anonymous_33)
FNF:34
FNH:6
FNDA:13,(anonymous_0)
FNDA:0,(anonymous_1)
FNDA:12,(anonymous_2)
FNDA:3,(anonymous_3)
FNDA:3,(anonymous_4)
FNDA:3,(anonymous_5)
FNDA:0,(anonymous_6)
FNDA:3,(anonymous_7)
FNDA:0,(anonymous_8)
FNDA:0,(anonymous_9)
FNDA:0,(anonymous_10)
FNDA:0,(anonymous_11)
FNDA:0,(anonymous_12)
FNDA:0,(anonymous_13)
FNDA:0,(anonymous_14)
FNDA:0,(anonymous_15)
FNDA:0,(anonymous_16)
FNDA:0,(anonymous_17)
FNDA:0,(anonymous_18)
FNDA:0,(anonymous_19)
FNDA:0,(anonymous_20)
FNDA:0,(anonymous_21)
FNDA:0,(anonymous_22)
FNDA:0,(anonymous_23)
FNDA:0,(anonymous_24)
FNDA:0,(anonymous_25)
FNDA:0,(anonymous_26)
FNDA:0,(anonymous_27)
FNDA:0,(anonymous_28)
FNDA:0,(anonymous_29)
FNDA:0,(anonymous_30)
FNDA:0,(anonymous_31)
FNDA:0,(anonymous_32)
FNDA:0,(anonymous_33)
DA:4,2
DA:7,13
DA:8,13
DA:9,13
DA:11,13
DA:12,13
DA:13,13
DA:20,0
DA:34,2
DA:36,12
DA:40,3
DA:47,3
DA:54,3
DA:61,0
DA:68,3
DA:77,2
DA:84,0
DA:88,0
DA:96,0
DA:103,0
DA:104,0
DA:117,0
DA:123,0
DA:137,2
DA:144,0
DA:148,0
DA:149,0
DA:162,0
DA:168,0
DA:175,0
DA:186,0
DA:201,2
DA:203,0
DA:207,0
DA:213,0
DA:219,0
DA:234,2
DA:236,0
DA:240,0
DA:247,0
DA:255,0
DA:262,0
DA:269,0
DA:279,2
DA:286,0
DA:290,0
DA:302,0
DA:313,0
LF:48
LH:18
BRDA:9,0,0,0
BRDA:82,1,0,0
BRDA:103,2,0,0
BRDA:103,2,1,0
BRDA:103,2,2,0
BRDA:142,3,0,0
BRDA:148,4,0,0
BRDA:148,4,1,0
BRDA:148,4,2,0
BRDA:284,5,0,0
BRDA:297,6,0,0
BRDA:297,6,1,0
BRF:12
BRH:0
end_of_record
TN:
SF:src/utils/filesystem.ts
FN:11,ensureDirectories
FN:32,moveToProcessed
FN:57,moveToFailed
FN:82,saveTranscriptionJson
FN:105,cleanupOldFiles
FN:151,getFileSize
FN:166,fileExists
FN:178,getFileExtension
FN:185,isAllowedExtension
FNF:9
FNH:0
FNDA:0,ensureDirectories
FNDA:0,moveToProcessed
FNDA:0,moveToFailed
FNDA:0,saveTranscriptionJson
FNDA:0,cleanupOldFiles
FNDA:0,getFileSize
FNDA:0,fileExists
FNDA:0,getFileExtension
FNDA:0,isAllowedExtension
DA:1,0
DA:2,0
DA:3,0
DA:4,0
DA:6,0
DA:11,0
DA:14,0
DA:16,0
DA:17,0
DA:18,0
DA:19,0
DA:21,0
DA:32,0
DA:36,0
DA:37,0
DA:38,0
DA:39,0
DA:41,0
DA:42,0
DA:43,0
DA:44,0
DA:46,0
DA:57,0
DA:61,0
DA:62,0
DA:63,0
DA:64,0
DA:66,0
DA:67,0
DA:68,0
DA:69,0
DA:71,0
DA:82,0
DA:87,0
DA:88,0
DA:90,0
DA:91,0
DA:92,0
DA:93,0
DA:95,0
DA:105,0
DA:109,0
DA:111,0
DA:112,0
DA:114,0
DA:115,0
DA:117,0
DA:118,0
DA:120,0
DA:121,0
DA:124,0
DA:125,0
DA:126,0
DA:127,0
DA:130,0
DA:137,0
DA:138,0
DA:140,0
DA:144,0
DA:151,0
DA:152,0
DA:153,0
DA:154,0
DA:156,0
DA:166,0
DA:167,0
DA:168,0
DA:169,0
DA:171,0
DA:178,0
DA:179,0
DA:185,0
DA:189,0
DA:190,0
LF:74
LH:0
BRDA:23,0,0,0
BRDA:23,0,1,0
BRDA:49,1,0,0
BRDA:49,1,1,0
BRDA:74,2,0,0
BRDA:74,2,1,0
BRDA:97,3,0,0
BRDA:97,3,1,0
BRDA:124,4,0,0
BRDA:124,5,0,0
BRDA:124,5,1,0
BRDA:131,6,0,0
BRDA:131,6,1,0
BRDA:141,7,0,0
BRDA:141,7,1,0
BRDA:158,8,0,0
BRDA:158,8,1,0
BRF:17
BRH:0
end_of_record
TN:
SF:src/utils/logger.ts
FN:7,createLogger
FN:16,(anonymous_2)
FN:62,(anonymous_3)
FN:64,(anonymous_4)
FN:72,(anonymous_5)
FN:80,(anonymous_6)
FN:88,(anonymous_7)
FN:96,(anonymous_8)
FN:100,(anonymous_9)
FN:113,getLogger
FN:123,createChildLogger
FN:130,resetLogger
FNF:12
FNH:7
FNDA:2,createLogger
FNDA:12,(anonymous_2)
FNDA:2,(anonymous_3)
FNDA:12,(anonymous_4)
FNDA:21,(anonymous_5)
FNDA:0,(anonymous_6)
FNDA:9,(anonymous_7)
FNDA:0,(anonymous_8)
FNDA:0,(anonymous_9)
FNDA:5,getLogger
FNDA:0,createChildLogger
FNDA:0,resetLogger
DA:1,2
DA:2,2
DA:8,2
DA:9,2
DA:10,2
DA:12,2
DA:16,12
DA:27,2
DA:28,0
DA:43,2
DA:62,2
DA:65,12
DA:66,3
DA:68,9
DA:73,21
DA:74,0
DA:76,21
DA:81,0
DA:82,0
DA:84,0
DA:89,9
DA:90,0
DA:92,9
DA:97,0
DA:101,0
DA:108,2
DA:113,2
DA:114,5
DA:115,2
DA:117,5
DA:123,2
DA:124,0
DA:130,2
DA:131,0
DA:137,2
LF:35
LH:25
BRDA:14,0,0,2
BRDA:14,0,1,0
BRDA:14,1,0,0
BRDA:14,1,1,0
BRDA:22,2,0,2
BRDA:22,2,1,0
BRDA:27,3,0,0
BRDA:65,4,0,3
BRDA:65,4,1,9
BRDA:73,5,0,0
BRDA:73,5,1,21
BRDA:81,6,0,0
BRDA:81,6,1,0
BRDA:89,7,0,0
BRDA:89,7,1,9
BRDA:114,8,0,2
BRF:16
BRH:7
end_of_record
TN:
SF:src/utils/retry.ts
FN:16,retryWithBackoff
FN:87,sleep
FN:88,(anonymous_2)
FN:101,(anonymous_3)
FN:106,(anonymous_4)
FN:111,(anonymous_5)
FN:116,(anonymous_6)
FN:121,(anonymous_7)
FNF:8
FNH:3
FNDA:13,retryWithBackoff
FNDA:16,sleep
FNDA:16,(anonymous_2)
FNDA:0,(anonymous_3)
FNDA:0,(anonymous_4)
FNDA:0,(anonymous_5)
FNDA:0,(anonymous_6)
FNDA:0,(anonymous_7)
DA:1,2
DA:2,2
DA:4,2
DA:16,2
DA:21,13
DA:24,13
DA:25,28
DA:26,28
DA:28,21
DA:31,21
DA:32,1
DA:40,1
DA:44,20
DA:45,5
DA:53,5
DA:57,15
DA:59,15
DA:71,15
DA:72,1
DA:76,15
DA:81,0
DA:87,2
DA:88,16
DA:94,2
DA:95,0
DA:102,0
DA:103,0
DA:107,0
DA:108,0
DA:112,0
DA:113,0
DA:117,0
DA:118,0
DA:122,0
LF:34
LH:23
BRDA:21,0,0,12
BRDA:28,1,0,21
BRDA:28,1,1,0
BRDA:31,2,0,1
BRDA:31,3,0,21
BRDA:31,3,1,13
BRDA:44,4,0,5
BRDA:57,5,0,15
BRDA:57,5,1,0
BRDA:71,6,0,1
BRF:10
BRH:8
end_of_record
